Time E_coli E_coli_biomass_e
0 1000 1
0.25 1225.883847660825 0.9331153238757582
0.5 1482.129124825861 0.8711086909962305
0.75 1768.91946736455 0.8136244633827534
1 2086.114564441229 0.7603329051874432
1.25 2432.912908421777 0.7109281485032979
1.5 2808.138528007495 0.6651262630423717
1.75 3210.213864668762 0.6226660531014685
2 3637.121154791077 0.58330294752729
2.25 4086.637721947522 0.5468110724011237
2.5 4556.222542829835 0.5129810219690624
2.75 5043.158152847364 0.481618699056753
3 5544.710968749302 0.4525440712951251
3.25 6058.032061107287 0.4255903145805918
3.5 6580.29859181317 0.4006027014250071
3.75 7108.608104675067 0.3774378825096997
4 7640.257166305364 0.3559628333561404
4.25 8172.592757065612 0.3360543471583693
4.5 8703.071679244911 0.317598164951806
4.75 9229.333925027577 0.3004883009552743
5 9749.189330267895 0.2846265907214542
5.25 10260.57220243882 0.2699220018906618
5.5 10761.61362471243 0.2562901095338278
5.75 11250.60343652838 0.2436526473028153
6 11726.03502965232 0.2319370801631987
6.25 12186.56465412235 0.2210762947324235
6.5 12631.02200758519 0.2110078043854519
6.75 13058.38946396544 0.2016738271414547
7 13467.82575761524 0.1930207877883267
7.25 13858.62132236934 0.1849990183325537
7.5 14230.22745994439 0.177562473480189
7.75 14582.21866723774 0.1706684668989267
8 14914.28895761171 0.1642772832852171
8.25 15226.27997812856 0.1583522831663431
8.5 15518.14084367099 0.1528595360253393
8.75 15789.91942652586 0.1477676490633376
9 16041.75064224359 0.1430473304913226
9.25 16273.85962282364 0.1386714404614695
9.5 16486.56307323298 0.1346148287772553
9.75 16680.24372803806 0.1308542211622074
10 16855.3377908201 0.1273680359166638
10.25 17012.3407772129 0.1241362321055852
10.5 17151.80133178061 0.121140280123583
10.75 17274.3087972951 0.1183629540838632
11 17380.4834618511 0.1157883117419937
11.25 17470.96703437625 0.1134015730850208
11.5 17546.4243123433 0.1111890005570523
11.75 17607.54034355842 0.1091379382856229
12 17654.99643693773 0.1072365638323435
12.25 17689.48252441377 0.1054739919578026
12.5 17711.68355689324 0.1038400629945822
12.75 17722.28313455711 0.1023254225814343
13 17721.95021311402 0.1009213420408318
13.25 17711.34424720066 0.09961977752563694
13.5 17691.10550040207 0.09841323330144429
13.75 17661.85755185045 0.09729477799375823
14 17624.20302747554 0.09625797529230441
14.25 17578.72584250255 0.09529691072296653
14.5 17525.98304997802 0.09440601401818607
14.75 17466.51136972268 0.09358020366448942
15 17400.82003257327 0.09281469723594465
15.25 17329.39489794531 0.09210512107561289
15.5 17252.69723245224 0.09144737731932653
15.75 17171.18408625559 0.09083745723812048
16 17085.20882900838 0.0902725445211334
16.25 16995.21629046198 0.08974872717633492
16.5 16901.55640948197 0.08926320194210222
16.75 16804.57358347048 0.08881317002511013
17 16704.58849146739 0.08839604075802501
17.25 16601.90532902402 0.08800941406354904
17.5 16496.80060419963 0.08765107414461554
17.75 16389.53756431275 0.08731896005371576
18 16280.36457580872 0.08701114331513569
18.25 16169.51260719351 0.08672584588286004
18.5 16057.18724977318 0.08646144454070369
18.75 15943.58607926958 0.08621639385709917
19 15828.89235205759 0.08598929501850422
19.25 15713.27103559206 0.08577885815770735
19.5 15596.88136800203 0.08558383215215189
19.75 15479.86256714804 0.08540311428589666
20 15362.34838180524 0.08523564230948871
20.25 15244.45869442996 0.08508047001855359
20.5 15126.30625686586 0.08493670498922457
20.75 15008.00158361637 0.08480346728816461
21 14889.63321947168 0.08468003384575526
21.25 14771.29261065213 0.08456566031356134
21.5 14653.06012961458 0.08445968134264188
21.75 14535.00660235682 0.08436149974943478
22 14417.19339065944 0.08427058527377997
22.25 14299.68562123773 0.08418637718114119
22.5 14182.53744391087 0.0841083927972706
22.75 14065.79587795333 0.08403620003102485
23 13949.50983143667 0.08396935546966633
23.25 13833.72127226717 0.08390746435271533
23.5 13718.46710728201 0.08385016825454482
23.75 13603.78219685937 0.08379712697610878
24 13489.69671989433 0.08374803378821633
24.25 13376.23710092889 0.0837026090062121
24.5 13263.42879998363 0.08366057827289039
24.75 13151.29339668017 0.08362169569767113
25 13039.84939074498 0.08358573839637906
25.25 12929.11633324603 0.08355248477906065
25.5 12819.1094936787 0.08352174179358939
25.75 12709.84262426706 0.08349332938542751
26 12601.32794112767 0.08346707393804689
26.25 12493.57554994407 0.08344281980183861
26.5 12386.59400802567 0.08342042403965454
26.75 12280.39073619457 0.08339975339025356
27 12174.97172191839 0.08338068458100294
27.25 12070.34115131656 0.08336310490261699
27.5 11966.50332579987 0.08334690436707488
27.75 11863.46230441553 0.08333197624427029
28 11761.22215253667 0.08331821544536809
28.25 11659.78421031619 0.08330554024484202
28.5 11559.14849271053 0.08329388176327268
28.75 11459.31594511859 0.08328316677365687
29 11360.2873256849 0.0832733268303449
29.25 11262.06309483437 0.08326429792345907
29.5 11164.64034190857 0.0832560241408967
29.75 11068.01599280138 0.08324845283472111
30 10972.18683513158 0.08324153409211796
30.25 10877.14894178789 0.08323522102010635
30.5 10782.89833533006 0.08322946984267007
30.75 10689.43326548258 0.08322424149232382
31 10596.75100437363 0.08321949812269416
31.25 10504.84890124677 0.0832152035672504
31.5 10413.72467289159 0.08321132308997434
31.75 10323.37470663773 0.08320782512723696
32 10233.7935137988 0.08320468840228698
32.25 10144.97629677721 0.08320188515068631
32.5 10056.91819712424 0.08319939273468599
32.75 9969.613999486215 0.08319719004850004
33 9883.058791890067 0.08319525678511759
33.25 9797.247454777882 0.08319357400368414
33.5 9712.17436012721 0.08319212446360166
33.75 9627.833619629744 0.08319089234894836
34 9544.21918669484 0.08318986317186233
34.25 9461.326506792675 0.08318902220936016
34.5 9379.150707419773 0.08318835621777565
34.75 9297.686509223324 0.0831878535169417
35 9216.928620239554 0.08318750361677327
35.25 9136.871744181411 0.08318729695168819
35.5 9057.510638028663 0.08318722303512566
35.75 8978.840032467971 0.08318727300905303
36 8900.854645589745 0.08318743920504872
36.25 8823.549191751841 0.08318771486026365
36.5 8746.918300106205 0.08318809359762561
36.75 8670.956249228419 0.08318856773279056
37 8595.657429155563 0.08318913122191854
37.25 8521.01620348269 0.08318977878185686
37.5 8447.026883860377 0.08319050572743582
37.75 8373.683495302324 0.08319130258404669
38 8300.982408763102 0.08319217749367909
38.25 8228.917351408085 0.08319311617309406
38.5 8157.483208268575 0.08319411621315477
38.75 8086.674864375877 0.08319517520472436
39 8016.487411057809 0.08319629043884903
39.25 7946.916137243035 0.08319745891939577
39.5 7877.956132796236 0.08319867793953721
39.75 7809.602486270703 0.0831999447943519
40 7741.849928672182 0.08320125707086139
40.25 7674.692407888417 0.08320261299551505
40.5 7608.124439951329 0.08320401033086387
40.75 7542.140573752423 0.08320544681262849
41 7476.735340835986 0.083206920413612
41.25 7411.903196423705 0.08320843014970981
41.5 7347.638637644976 0.08320997446406944
41.75 7283.936169032218 0.08321155169866216
42 7220.790582765438 0.08321316035177376
42.25 7158.19932314956 0.0832148003629174
42.5 7096.158846473213 0.08321647113469484
42.75 7034.665136163198 0.08321817181274355
43 6973.714071707665 0.08321990153241358
43.25 6913.298965181501 0.08322165917494373
43.5 6853.413489945749 0.08322344365733125
43.75 6794.052104372873 0.08322525397427044
44 6735.209277767999 0.08322708912509799
44.25 6676.881578322723 0.08322894900041829
44.5 6619.066074146199 0.0832308337031199
44.75 6561.758717281501 0.08323274286216692
45 6504.955459771701 0.08323467610652346
45.25 6448.652244780867 0.08323663322912761
45.5 6392.845006708261 0.08323861418478247
45.75 6337.52968866832 0.08324061876734276
46 6282.702233840154 0.08324264676946878
46.25 6228.357773509033 0.08324469770492021
46.5 6174.488894991275 0.08324677021410076
46.75 6121.091251149845 0.08324886408981738
47 6068.16236116502 0.08325097984138595
47.25 6015.698987102359 0.08325311771259497
47.5 5963.697891407812 0.08325527794233362
47.75 5912.155813716578 0.08325746074209085
48 5861.067514358788 0.08325966553920304
48.25 5810.42735021784 0.08326189160062089
48.5 5760.230493827896 0.08326413851813957
48.75 5710.473162123783 0.08326640633737328
49 5661.153383091379 0.08326869589088448
49.25 5612.267956206205 0.08327100747741627
49.5 5563.813447767217 0.08327334129289558
49.75 5515.78522662124 0.08327569700372928
50 5468.179122136689 0.08327807447996943
50.25 5420.991101373831 0.08328047365069351
50.5 5374.217133583391 0.0832828943799553
50.75 5327.85318808142 0.08328533652986944
51 5281.895233483368 0.08328779998334788
51.25 5236.340161604704 0.08329028506979359
51.5 5191.185745688375 0.08329279254489798
51.75 5146.428749906591 0.08329532267633138
52 5102.065929032191 0.08329787572721831
52.25 5058.094037838016 0.08330045196068322
52.5 5014.509512505497 0.08330305143573284
52.75 4971.308111798618 0.08330567377736037
53 4928.486152548781 0.0833083189681063
53.25 4886.039984261546 0.0833109870114451
53.5 4843.965956442471 0.08331367791085124
53.75 4802.260576868288 0.08331639171238694
54 4760.921012302855 0.08331912863943529
54.25 4719.944009971664 0.08332188880248957
54.5 4679.326248930651 0.0833246722937
54.75 4639.064408235755 0.08332747920521673
55 4599.156569066075 0.0833303103922145
55.25 4559.596737773186 0.08333316449237854
55.5 4520.384622051552 0.08333604324602059
55.75 4481.517023487343 0.08333894681197083
56 4442.990807121539 0.08334187538359109
56.25 4404.802898245764 0.08334482917717857
56.5 4366.950222196968 0.08334780821407761
56.75 4329.429787839701 0.0833508126228093
57 4292.238685616033 0.08335384263201406
57.25 4255.374067071974 0.08335689849635596
57.5 4218.833144857476 0.08335998049652257
57.75 4182.613192726432 0.08336308893922521
58 4146.711545536676 0.08336622415719869
58.25 4111.12559924998 0.08336938650920146
58.5 4075.85281093206 0.08337257638001561
58.75 4040.890698752572 0.08337579418044679
59 4006.236388072373 0.08337903993117163
59.25 3971.886730011312 0.08338231337144211
59.5 3937.838986857389 0.08338561458747687
59.75 3904.090431765214 0.08338894364545997
60 3870.638348026941 0.08339230059087245
60.25 3837.480029072259 0.08339568544849238
60.5 3804.612778468401 0.08339909822239482
60.75 3772.03398416648 0.08340253907573555
61 3739.741166019081 0.08340600844581252
61.25 3707.731760902238 0.08340950652374961
61.5 3676.003224250679 0.08341303350035914
61.75 3644.553033405237 0.0834165895742474
62 3613.378687612844 0.08342017495181464
62.25 3582.477708026537 0.08342378984725507
62.5 3551.847745887011 0.08342743460052643
62.75 3521.486805759928 0.08343110992078505
63 3491.392711773359 0.08343481630433014
63.25 3461.563313034198 0.08343855425860558
63.5 3431.996506356426 0.08344232432698458
63.75 3402.690236261119 0.08344612708876975
64 3373.64249497644 0.08344996315919305
64.25 3344.851142338937 0.08345383294907958
64.5 3316.313019729589 0.08345773548242232
64.75 3288.025379604485 0.08346167030404711
65 3259.985527716388 0.0834656370021683
65.25 3232.190701466329 0.08346963504605266
65.5 3204.638069903615 0.08347366378601935
65.75 3177.324603561654 0.0834777218541035
66 3150.253510555276 0.08348181729185374
66.25 3123.423635416993 0.08348595218518592
66.5 3096.824345334321 0.08349011344806452
66.75 3070.460419778156 0.08349431212472218
67 3044.32447623194 0.0834985402677592
67.25 3018.416402179904 0.08350280263743169
67.5 2992.736853175024 0.08350710274207108
67.75 2967.282042118944 0.08351143846315499
68 2942.05139818764 0.08351581105923674
68.25 2917.04405936917 0.08352022264533313
68.5 2892.256210912035 0.08352467065757301
68.75 2867.687062725578 0.08352915720468138
69 2843.332803426949 0.08353367906181479
69.25 2819.190262766686 0.08353823435096269
69.5 2795.258648639181 0.08354282548731916
69.75 2771.537641362956 0.08354745569298251
70 2748.027064384461 0.0835521283104835
70.25 2724.722600852549 0.08355683741841176
70.5 2701.620586634564 0.08356158127570222
70.75 2678.721149545413 0.08356636758896492
71 2656.024360256073 0.08357119783433617
71.25 2633.529857956925 0.08357607017787869
71.5 2611.23300288553 0.08358098122799709
71.75 2589.128845023165 0.08358592555044642
72 2567.216633385106 0.08359090598773249