Time E_coli E_coli_biomass_e
0 1000 1
0.25 1222.591511373968 0.9086061197119494
0.5 1466.981401921748 0.8263212781697984
0.75 1730.729593213147 0.7522375601088579
1 2010.98979611819 0.6855375477372047
1.25 2304.611298739415 0.6254858766347458
1.5 2608.346732782605 0.5714197923349094
1.75 2919.015860823979 0.5227425590749699
2 3233.446880646016 0.4789171724170224
2.25 3548.681556808824 0.4394600712169962
2.5 3862.006530330884 0.4039358133399269
2.75 4171.0223511067 0.3719525495520529
3 4473.507921598512 0.3431572778701215
3.25 4767.619235249516 0.317232486340604
3.5 5051.769147645147 0.2938919975314565
3.75 5324.617622087353 0.2728780873830735
4 5585.09239935374 0.2539586055940153
4.25 5832.32866858158 0.2369251490006536
4.5 6065.689832734555 0.2215898349842682
4.75 6284.745152485392 0.2077833007037675
5 6489.206502853303 0.1953531719674399
5.25 6678.948590468625 0.1841622764064138
5.5 6853.983318237694 0.1740871053683618
5.75 7014.413452413151 0.1650164538444891
6 7160.445708582481 0.1568502023350406
6.25 7292.40386548993 0.1494981846577214
6.5 7410.666873754362 0.1428792041139146
6.75 7515.678014377516 0.1369202820022709
7 7607.943276174303 0.1315556402639996
7.25 7688.012597702773 0.1267259940560502
7.5 7756.468201098608 0.1223780129642635
7.75 7813.915859965378 0.1184637286371437
8 7860.980204904103 0.1149398786433491
8.25 7898.29426560412 0.1117675273392225
8.5 7926.492404578446 0.1089116602245023
8.75 7946.201993731087 0.1063407244257447
9 7958.041670151509 0.1040262949744231
9.25 7962.614116016134 0.1019428047246473
9.5 7960.500631613126 0.1000672440651066
9.75 7952.259456036425 0.09837886518662695
10 7938.423408674757 0.09685900176982745
10.25 7919.497772130976 0.09549086699461072
10.5 7895.958121897128 0.09425932347405339
10.75 7868.253282664685 0.09315055436705988
11 7836.78887047002 0.09215287355252311
11.25 7801.966488952353 0.09125470295070315
11.5 7764.139273698619 0.09044628003487951
11.75 7723.637501059468 0.08971863421420712
12 7680.769160213998 0.08906371306585749
12.25 7635.813668297253 0.08847423555886678
12.5 7589.025720833309 0.0879436448151929
12.75 7540.635037921777 0.0874661378614628
13 7490.852890978197 0.08703642144058284
13.25 7439.869694773524 0.08664972116596441
13.5 7387.860504631512 0.08630173767605358
13.75 7334.986435009948 0.08598861634335847
14 7281.385724314448 0.0857068768212582
14.25 7227.186152823988 0.08545337810011543
14.5 7172.502393065924 0.08522532593577273
14.75 7117.438804074432 0.08502017125021562
15 7062.088397151199 0.08483564168400941
15.25 7006.532208784502 0.08466966802215155
15.5 6950.840791254815 0.08452041017785514
15.75 6895.082490255046 0.08438619151244192
16 6839.319320378096 0.08426550251775577
16.25 6783.60039507112 0.08415704829327281
16.5 6727.97414691006 0.08405956058022082
16.75 6672.481450647319 0.0839719595704977
17 6617.160145334868 0.08389325869010926
17.25 6562.042590956411 0.08382257135485637
17.5 6507.152701563699 0.08375910269163837
17.75 6452.520303707154 0.08370213534994675
18 6398.165633569552 0.08365101572257398
18.25 6344.103101484685 0.08360515634525011
18.5 6290.352464058924 0.0835640435662655
18.75 6236.931736965059 0.08352719959538071
19 6183.85571580507 0.08349420450205526
19.25 6131.130713602684 0.08346469453345948
19.5 6078.763938652102 0.08343829859877018
19.75 6026.763301938663 0.08341469247718752
20 5975.135662572163 0.08339363025633215
20.25 5923.888130521955 0.08337483016940841
20.5 5873.02467572685 0.08335809325110763
20.75 5822.549844986817 0.08334320527812442
21 5772.467141030488 0.08332998013885451
21.25 5722.77875936829 0.08331826674738015
21.5 5673.48735675173 0.08330789898973087
21.75 5624.593073769131 0.08329876140085027
22 5576.09678917576 0.08329072365654611
22.25 5527.997939229552 0.08328367060925809
22.5 5480.293290014709 0.08327751903445905
22.75 5432.981221899577 0.08327216783507514
23 5386.061970471174 0.08326754528202966
23.25 5339.536010573354 0.08326358354401477
23.5 5293.40314285406 0.08326021060956912
23.75 5247.66233949943 0.08325737867817226
24 5202.312839311746 0.08325503215772224
24.25 5157.351504084684 0.08325311925283296
24.5 5112.773479894167 0.08325160247254498
24.75 5068.574083234595 0.08325043982867406
25 5024.757473095802 0.08324960432946039
25.25 4981.314763605946 0.08324906102690448
25.5 4938.250084938803 0.08324878573095122
25.75 4895.560363331386 0.08324875183161093
26 4853.240212024638 0.08324893887761653
26.25 4811.287018949924 0.08324932387009273
26.5 4769.70091933887 0.08324990063760764
26.75 4728.468776251867 0.08325062342879488
27 4687.595843443112 0.08325150782148132
27.25 4647.080559940619 0.08325253343003187
27.5 4606.920375173276 0.08325368202090463
27.75 4567.111131883989 0.08325494506172075
28 4527.648945620933 0.08325631243313926
28.25 4488.529978306879 0.0832577756687375
28.5 4449.750559232246 0.08325932627198142
28.75 4411.309156705402 0.08326095863358615
29 4373.204219008066 0.08326266719490537
29.25 4335.433781206518 0.0832644474274444
29.5 4297.99587997287 0.08326629477691075
29.75 4260.888200666899 0.08326820440762486
30 4224.106440050258 0.08327017181653637
30.25 4187.646972304909 0.08327219238728402
30.5 4151.506328931141 0.08327426209004539
30.75 4115.68101124285 0.08327637798702235
31 4080.16755944023 0.08327853653937939
31.25 4044.964928293456 0.0832807370578374
31.5 4010.072924264238 0.0832829798647475
31.75 3975.4901175529 0.08328526394870432
32 3941.212000677657 0.08328758619143589
32.25 3907.234556445353 0.08328994381030354
32.5 3873.554269498157 0.08329233449696637
32.75 3840.167611155848 0.08329475640110195
33 3807.071058440329 0.08329720747635111
33.25 3774.262817259692 0.0832996876647832
33.5 3741.742990634394 0.08330219911923159
33.75 3709.51034820427 0.0833047424465944
34 3677.562282364067 0.08330731692326208
34.25 3645.896033968788 0.08330992167934538
34.5 3614.50902200073 0.08331255600111968
34.75 3583.397109724244 0.08331521755966673
35 3552.55658387724 0.08331790446573134
35.25 3521.985021371412 0.08332061637767411
35.5 3491.682655966883 0.08332335621018265
35.75 3461.648359375481 0.08332612520879835
36 3431.878763741557 0.08332892203771489
36.25 3402.369216689619 0.08333174388407655
36.5 3373.116353624495 0.08333458942209533
36.75 3344.119767665557 0.0833374608336018
37 3315.378866353631 0.08334036008034482
37.25 3286.891800596762 0.0833432876108683
37.5 3258.653679000394 0.08334624015715446
37.75 3230.660727139662 0.08334921581570683
38 3202.910861995099 0.08335221484413968
38.25 3175.404263820421 0.08335524041239419
38.5 3148.139750213231 0.08335829393751187
38.75 3121.116113670949 0.08336137684325502
39 3094.332146967489 0.08336449056435712
39.25 3067.786334052849 0.08336763602641904
39.5 3041.474091893785 0.08337080923834389
39.75 3015.39143503834 0.08337400716702059
40 2989.535730283409 0.08337722895819
40.25 2963.907195116215 0.08338047836270338
40.5 2938.504757070692 0.08338375704757381
40.75 2913.326283743748 0.08338706501900198
41 2888.368780128046 0.08339040093770453
41.25 2863.629875612056 0.08339376442633818
41.5 2839.107204183979 0.08339715478620416
41.75 2814.798400046105 0.0834005713011594
42 2790.701483145954 0.08340401407789194
42.25 2766.817299209567 0.08340748860844721
42.5 2743.141125410506 0.08341098958076676
42.75 2719.674564356124 0.08341452398062044
43 2696.415392655735 0.08341809086622455
43.25 2673.35521849805 0.08342167742834525
43.5 2650.499821132821 0.08342529960169535
43.75 2627.843703171735 0.08342894999574969
44 2605.39092085406 0.08343264068944471
44.25 2583.135329157032 0.08343636255071567
44.5 2561.074503826041 0.0834401138712966
44.75 2539.206303536816 0.08344389375620841
45 2517.526714710961 0.08344769779747027
45.25 2496.037791889386 0.08345153536754135
45.5 2474.739887884644 0.08345541083203833
45.75 2453.63185442317 0.08345932520777952
46 2432.705222719058 0.08346326280005853
46.25 2411.960594341931 0.08346722902455099
46.5 2391.400700042059 0.08347123495621153
46.75 2371.021340904636 0.08347527477131228
47 2350.821462240708 0.08347934937183774
47.25 2330.8006654983 0.083483462016589
47.5 2310.95478063251 0.08348760758476211
47.75 2291.282555363567 0.08349178458285136
48 2271.781401152178 0.08349599232977828
48.25 2252.449938426862 0.08350023046255957
48.5 2233.288118008603 0.08350450378376935
48.75 2214.295888796028 0.08350881728370944
49 2195.472000568354 0.08351317048296859
49.25 2176.813947100171 0.08351756241958791
49.5 2158.321061068702 0.08352199266373198
49.75 2139.990661232085 0.08352645940620214
50 2121.820046767913 0.08353095853265
50.25 2103.806278999865 0.08353548564490447
50.5 2085.949291444716 0.08354004667988095
50.75 2068.24828143791 0.08354464347336957
51 2050.70085421562 0.08354927567301905
51.25 2033.306842728029 0.08355394331330548
51.5 2016.066183067837 0.08355865345425748
51.75 1998.978831245646 0.08356341095551378
52 1982.043867671969 0.08356821390112212
52.25 1965.256072807111 0.08357305141624188
52.5 1948.614601949112 0.08357792431904408
52.75 1932.119402905306 0.083582838448524
53 1915.77043508571 0.08358779855830904
53.25 1899.566704766075 0.08359280510667537
53.5 1883.499760558119 0.08359782951405997
53.75 1867.576323350436 0.08360290669548139
54 1851.793644658108 0.08360802940391236
54.25 1836.147641353927 0.08361318621553326
54.5 1820.637844086567 0.08361838070952847
54.75 1805.265129985639 0.0836236228664317
55 1790.030570923111 0.08362892251242557
55.25 1774.928333234246 0.08363425794011449
55.5 1759.958503514524 0.08363963571335677
55.75 1745.120656494519 0.08364505964316628
56 1730.408821545968 0.08365050724402461
56.25 1715.827930971042 0.08365600908427033
56.5 1701.3778106217 0.08366156966027999
56.75 1687.05182537664 0.08366716039797555
57 1672.851541308356 0.08367279697848168
57.25 1658.776833005095 0.08367848473990984
57.5 1644.827533380174 0.08368422809913868
57.75 1631.001265019728 0.08369001986743679
58 1617.296651147221 0.08369586056514201
58.25 1603.711896674621 0.08370174587957434
58.5 1590.246445808634 0.08370767545975204
58.75 1576.898389289486 0.08371364815806154
59 1563.666212842409 0.08371965987066912
59.25 1550.54680061184 0.08372570135479547
59.5 1537.54176468828 0.08373178782396637
59.75 1524.653747290876 0.08373794298695086
60 1511.880456421086 0.08374415833848788
60.25 1499.21961241534 0.08375042527465226
60.5 1486.668417001661 0.08375673316131456
60.75 1474.225136843994 0.08376307584663147
61 1461.889707796397 0.0837694626399627
61.25 1449.66212450699 0.0837758985067404
61.5 1437.542609081584 0.08378239581123842
61.75 1425.531221396962 0.08378895788670133
62 1413.626671970878 0.08379558076062446
62.25 1401.826705537878 0.08380225748521723
62.5 1390.129447849005 0.08380898001934985
62.75 1378.532326947576 0.08381573725820385
63 1367.035279474848 0.08382253619514882
63.25 1355.638254613396 0.08382938470771917
63.5 1344.34119261895 0.08383629287657569
63.75 1333.144041448922 0.08384326948329981
64 1322.046801103312 0.08385031452789152
64.25 1311.049420607547 0.08385742786369862
64.5 1300.149373478495 0.08386460222211067
64.75 1289.344833848138 0.08387183090949385
65 1278.632185787174 0.08387909114447495
65.25 1268.011661770414 0.08388639068393619
65.5 1257.486656647418 0.08389377101343637
65.75 1247.055334141441 0.08390122138827413
66 1236.714937049483 0.08390872376220264
66.25 1226.465406950602 0.08391628626048263
66.5 1216.30618424264 0.08392390914689279
66.75 1206.233120997742 0.08393156187117734
67 1196.248131225824 0.08393927284568579
67.25 1186.353259592652 0.08394707100578111
67.5 1176.544163859498 0.08395491935469157
67.75 1166.820196598128 0.08396281962304611
68 1157.181317759763 0.08397077924957175
68.25 1147.627479040436 0.0839788074297748
68.5 1138.158640481474 0.08398691213788127
68.75 1128.771245397196 0.08399505813063414
69 1119.466931347089 0.08400327789583348
69.25 1110.241702948421 0.08401153144558206
69.5 1101.099297573036 0.08401987515904621
69.75 1092.038360873185 0.08402829845798299
70 1083.055373470459 0.08403676643084119
70.25 1074.150196127865 0.08404529337226672
70.5 1065.322624605661 0.08405389352209418
70.75 1056.572653335862 0.08406256725691269
71 1047.900282318468 0.08407131457672226
71.25 1039.305511553479 0.08408013548152289
71.5 1030.786606011053 0.08408901543986674
71.75 1022.341522049871 0.08409795604985602
72 1013.968618716916 0.08410693655788314