Time E_coli E_coli_biomass_e
0 1000 1
0.25 1225.213816346384 0.9277630081900543
0.5 1478.871337364032 0.8612161543843689
0.75 1760.549926573831 0.7999113834780024
1 2069.329566448381 0.7434354152516028
1.25 2403.813302220736 0.6914088736940185
1.5 2762.10289083157 0.6434806636206036
1.75 3142.046500681633 0.5993282953348198
2 3541.155756424627 0.5586531946904912
2.25 3956.746852143014 0.5211827489067615
2.5 4386.084509501037 0.4866651719707194
2.75 4826.265129086863 0.4548669450810129
3 5274.442256991012 0.4255738830365559
3.25 5727.81740504325 0.3985885783654229
3.5 6183.689806026583 0.3737292546286918
3.75 6639.450941145395 0.3508284597414182
4 7092.645402158205 0.3297318607974284
4.25 7541.017387214831 0.3102973196063946
4.5 7982.496208142727 0.2923939115090767
4.75 8415.176598745458 0.2759010603343311
5 8837.36055022592 0.2607076620366467
5.25 9247.525240802857 0.2467113381196703
5.5 9644.37194045369 0.2338178142175277
5.75 10026.72308117742 0.2219402113816623
6 10393.62952749118 0.2109984259134227
6.25 10744.28204262298 0.2009187815539504
6.5 11078.03964030403 0.1916333449990013
6.75 11394.37932263703 0.1830795238309834
7 11692.9441383409 0.1751995840285231
7.25 11973.51204189125 0.1679405902712324
7.5 12235.95793050159 0.1612536175040929
7.75 12480.28028372693 0.1550935805979367
8 12706.58097548375 0.1494190491084238
8.25 12915.0433927476 0.1441917533554772
8.5 13105.92849642077 0.1393764103866922
8.75 13279.58641725495 0.1349405469587342
9 13436.43106328578 0.1308542740994076
9.25 13576.92908137359 0.1270901376026927
9.5 13701.58990475224 0.1236226158877949
9.75 13810.97044777817 0.1204283601711095
10 13905.66422120729 0.1174858748740939
10.25 13986.28543432099 0.1147753396662904
10.5 14053.46862292777 0.1122784738866005
10.75 14107.86338786728 0.1099783946282974
11 14150.12527701441 0.1078596251365532
11.25 14180.91164963131 0.105907898890272
11.5 14200.87488376802 0.1041100611783559
11.75 14210.66022795851 0.1024539364767897
12 14210.90202272847 0.1009283886532
12.25 14202.21964471006 0.09952313286277964
12.5 14185.21509154552 0.09822869456921463
12.75 14160.47013876953 0.09703634395832249
13 14128.54412718895 0.09593803457652059
13.25 14089.97415473196 0.09492635496356133
13.5 14045.27457082813 0.09399447484646595
13.75 13994.93306773345 0.09313610948048956
14 13939.41320761101 0.09234548103335945
14.25 13879.14918900194 0.09161730039238723
14.5 13814.56020104173 0.09094654121085351
14.75 13746.034221786 0.09032872537169023
15 13673.93381252769 0.08975969750001205
15.25 13598.60260415418 0.08923557505236711
15.5 13520.36046470006 0.08875283760665138
15.75 13439.51039996523 0.0883081556798468
16 13356.32296727463 0.08789858105218026
16.25 13271.05179634234 0.08752139619312635
16.5 13183.93932502608 0.08717401676468782
16.75 13095.20517031739 0.08685413349676906
17 13005.05660057041 0.08655954184759578
17.25 12913.68165119762 0.08628825275263385
17.5 12821.25169997467 0.08603842524460312
17.75 12727.92544578228 0.08580836808719965
18 12633.8501012517 0.08559654516212764
18.25 12539.16335432867 0.08540150941329691
18.5 12443.990221002 0.0852219353606736
18.75 12348.44363102141 0.08505661218432524
19 12252.62883264831 0.08490439776453941
19.25 12156.63708408864 0.08476427324721597
19.5 12060.55651424174 0.08463528240988216
19.75 11964.46907857645 0.08451654776290805
20 11868.44272975325 0.08440729190598359
20.25 11772.54794695933 0.08430671831165205
20.5 11676.84117259052 0.0842141691297896
20.75 11581.37691750634 0.08412900523162693
21 11486.20393412513 0.08405063912702236
21.25 11391.36322744813 0.08397855492023899
21.5 11296.89763195615 0.08391223134854783
21.75 11202.84251274786 0.08385124591242714
22 11109.23431391849 0.08379515066045724
22.25 11016.09687596279 0.08374359164825317
22.5 10923.4574615123 0.08369618909855804
22.75 10831.33988300201 0.08365261151689032
23 10739.7635775533 0.08361258099481617
23.25 10648.75001131624 0.08357579157635807
23.5 10558.31218572287 0.08354201185684859
23.75 10468.46468756955 0.08351099646802318
24 10379.22046570451 0.08348252092063364
24.25 10290.5886644717 0.08345640312192004
24.5 10202.58031899837 0.08343243966057005
24.75 10115.20185555357 0.08341047518136543
25 10028.46014527532 0.08339034968879584
25.25 9942.36230760838 0.08337191123178757
25.5 9856.914325713329 0.08335504154623945
25.75 9772.122481926564 0.08333960628581627
26 9687.985905168578 0.08332549964010116
26.25 9604.50325544782 0.08331261770828757
26.5 9521.678555742388 0.08330076366395986
26.75 9439.507628234378 0.08329013288530143
27 9358.000706722365 0.08328038226268285
27.25 9277.15560184791 0.0832714987331859
27.5 9196.969727958662 0.08326344260516336
27.75 9117.437950162166 0.08325611958314519
28 9038.561679091028 0.08324951622920281
28.25 8960.34049928981 0.08324356416591158
28.5 8882.772742686955 0.08323819768754039
28.75 8805.85590468822 0.08323336160457054
29 8729.585045851551 0.08322903133678741
29.25 8653.956578329369 0.08322516531262027
29.5 8578.967035020012 0.08322172195949791
29.75 8504.612918820136 0.08321867638272111
30 8430.890740197316 0.08321599947892967
30.25 8357.79689482102 0.08321366187176028
30.5 8285.326337698414 0.08321166612923546
30.75 8213.476310899716 0.08320996410740698
31 8142.243173339325 0.08320852724489647
31.25 8071.623283931643 0.08320732698032554
31.5 8001.613011687897 0.08320633571424819
31.75 7932.208971864658 0.08320554930719949
32 7863.407031792987 0.08320495663798953
32.25 7795.20265678347 0.08320454719328158
32.5 7727.590188179984 0.08320430823816138
32.75 7660.560651771821 0.08320422651191703
33 7594.114894546386 0.08320429225506502
33.25 7528.247940322623 0.08320449449880603
33.5 7462.954779030065 0.08320482346942011
33.75 7398.228525381089 0.08320527014456189
34 7334.06531361298 0.08320582602021591
34.25 7270.464485522138 0.08320648501972239
34.5 7207.419868183617 0.08320723995364905
34.75 7144.926211508039 0.08320808401549037
35 7082.976120690461 0.08320901091240776
35.25 7021.567979853642 0.08321001619680997
35.5 6960.698803976309 0.08321109531123488
35.75 6900.362282482971 0.08321224335931957
36 6840.552253500782 0.08321345564096209
36.25 6781.262479169518 0.08321472781906102
36.5 6722.492589005708 0.08321605791181146
36.75 6664.237173540817 0.08321744226685013
37 6606.490960504112 0.0832188776383553
37.25 6549.253630072077 0.0832203628479089
37.5 6492.520542616789 0.08322189515404861
37.75 6436.285729444177 0.08322347169002235
38 6380.542348649367 0.08322508969857206
38.25 6325.286104348263 0.08322674706418054
38.5 6270.516949996189 0.08322844372151433
38.75 6216.228455489806 0.08323017716679651
39 6162.413320306592 0.0832319448235647
39.25 6109.07091112406 0.0832337467576416
39.5 6056.198142552881 0.08323558207363566
39.75 6003.789509199982 0.08323744920465889
40 5951.841513023505 0.08323934726121252
40.25 5900.350847000756 0.08324127567417293
40.5 5849.312321761237 0.08324323308521146
40.75 5798.720629984962 0.08324521816196336
41 5748.573761831862 0.08324723117400105
41.25 5698.867388510084 0.0832492711971653
41.5 5649.597598820848 0.0832513377317277
41.75 5600.760556227061 0.08325343017296125
42 5552.35193958044 0.08325554793746449
42.25 5504.36772949547 0.08325769044325569
42.5 5456.803618251868 0.08325985715169167
42.75 5409.655423571007 0.0832620475006297
43 5362.922268341697 0.08326426264067602
43.25 5316.600877723376 0.08326650248634046
43.5 5270.687403892956 0.08326876667345257
43.75 5225.175887734535 0.08327105387123183
44 5180.063344954458 0.08327336413963285
44.25 5135.346848727357 0.08327569766308585
44.5 5091.024005997371 0.08327805492857852
44.75 5047.090997496837 0.08328043561467653
45 5003.544142650951 0.08328283963110694
45.25 4960.380055002054 0.08328526693962665
45.5 4917.595210458485 0.08328771740878181
45.75 4875.185307830229 0.08329019042905469
46 4833.147194740865 0.08329268612592267
46.25 4791.477299658804 0.08329520435669338
46.5 4750.173184617199 0.083297745646484
46.75 4709.233829558055 0.08330031135573496
47 4668.655585514996 0.08330290129613525
47.25 4628.434009758374 0.08330551475996742
47.5 4588.564710343946 0.08330815107095529
47.75 4549.044828116295 0.08331081050177382
48 4509.872525043687 0.08331349378708046
48.25 4471.044802965225 0.08331620106070932
48.5 4432.558434991301 0.08331893233797605
48.75 4394.409962864362 0.08332168747095132
49 4356.596452721994 0.08332446663075301
49.25 4319.11501905218 0.0833272700020012
49.5 4281.96370533097 0.08333009826317532
49.75 4245.139074568522 0.08333295130572438
50 4208.638233855644 0.08333582931033608
50.25 4172.458176512243 0.08333873224135827
50.5 4136.595794806217 0.08334165987098439
50.75 4101.048259319932 0.08334461250063387
51 4065.812626156955 0.08334759021404015
51.25 4030.885708471228 0.08335059270965887
51.5 3996.264396859547 0.08335361980875722
51.75 3961.945790767384 0.08335667166380172
52 3927.926878665755 0.08335974825127178
52.25 3894.207319755231 0.08336285202596132
52.5 3860.783900299734 0.08336598239428201
52.75 3827.653143714372 0.08336913870790137
53 3794.814756212866 0.08337232351790343
53.25 3762.263573642463 0.08337553414267586
53.5 3730.001027885855 0.08337877522344975
53.75 3698.022818489762 0.08338204470709888
54 3666.327044993872 0.08338534332380067
54.25 3634.909697819076 0.08338866946056107
54.5 3603.765812132216 0.08339202089027471
54.75 3572.894108788074 0.08339539915206713
55 3542.294956135613 0.08339880756378557
55.25 3511.96432413118 0.08340224474686565
55.5 3481.901272906336 0.08340571207578211
55.75 3452.101219536471 0.08340920724546685
56 3422.563749922501 0.08341273295553299
56.25 3393.282665208445 0.08341628385638869
56.5 3364.259292923564 0.08341986566364637
56.75 3335.489531017098 0.08342347610310878
57 3306.972162123195 0.08342711671514184
57.25 3278.706342921719 0.08343078940666264
57.5 3250.689312943695 0.08343449370844057
57.75 3222.915368825623 0.08343822517654521
58 3195.386991647451 0.08344199054761245
58.25 3168.101323632373 0.08344578887142327
58.5 3141.055100179691 0.08344961903434986
58.75 3114.245888604365 0.08345348029464146
59 3087.669616060069 0.0834573700814059
59.25 3061.326107240568 0.08346129181563892
59.5 3035.212628681286 0.08346524600102805
59.75 3009.327369595943 0.08346923254147054
60 2983.669934069975 0.08347325184559147
60.25 2958.237763924075 0.08347730655369844
60.5 2933.030400824007 0.08348139713884012
60.75 2908.046182052529 0.08348552375030671
61 2883.282265525013 0.08348968664328014
61.25 2858.73700361357 0.08349388558292042
61.5 2834.407652642552 0.08349812015899574
61.75 2810.293123329851 0.08350239021273279
62 2786.389007292015 0.08350669510231529
62.25 2762.696234598057 0.08351103494428995
62.5 2739.211511605404 0.0835154092135454
62.75 2715.932083074656 0.0835198174856918
63 2692.855205558163 0.08352425933854522
63.25 2669.979046026906 0.08352873531065928
63.5 2647.303193668826 0.08353324744141062
63.75 2624.826242185844 0.08353779671966922
64 2602.546695198013 0.08354238396641603
64.25 2580.462732545257 0.08354700930635554
64.5 2558.572674763418 0.08355167316675328
64.75 2536.874872337171 0.08355637602434224
65 2515.367680452296 0.08356111809235757
65.25 2494.04945373076 0.08356589961563618
65.5 2472.918545671728 0.08357072090194673
65.75 2451.973310802508 0.0835755821983718
66 2431.212104226454 0.0835804837179929
66.25 2410.633280431181 0.08358542571023556
66.5 2390.235195153831 0.08359040833766646
66.75 2370.016206562745 0.08359543159385108
67 2349.974670524572 0.08360049563235361
67.25 2330.108942782249 0.08360560061533767
67.5 2310.417379078718 0.08361074670496688
67.75 2290.898335156914 0.08361593406340487
68 2271.550178414017 0.08362116287026956
68.25 2252.371690193115 0.08362643392513769
68.5 2233.361590544444 0.08363174793578886
68.75 2214.518440418219 0.08363710537172166
69 2195.840800764655 0.08364250670243466
69.25 2177.327232533968 0.08364795239742644
69.5 2158.976233264741 0.0836534426037175
69.75 2140.786194653763 0.08365897693007289
70 2122.755606349163 0.0836645554833864
70.25 2104.882961734968 0.08367017838955065
70.5 2087.1667541952 0.08367584577445826
70.75 2069.605539733586 0.08368155790475626
71 2052.198520015537 0.08368731649838809
71.25 2034.94461994029 0.08369312265119157
71.5 2017.842626773172 0.08369897714963571
71.75 2000.891327779512 0.08370488078018955
72 1984.089510224637 0.08371083432932205