Time E_coli E_coli_biomass_e
0 1000 1
0.25 1220.736518357685 0.8950817236243136
0.5 1458.744948139851 0.8021679857808437
0.75 1710.474450185417 0.7198854071926274
1 1972.117216547556 0.6470176774982873
1.25 2239.948758886092 0.582487625753802
1.5 2510.415905433326 0.525341312453632
1.75 2780.248142793839 0.4747339352461942
2 3046.55511459531 0.4299173474108481
2.25 3306.839834181683 0.3902289704749975
2.5 3558.888252238609 0.3550820970015816
2.75 3801.051278370446 0.323957103317511
3 4031.915789662229 0.2963938230161934
3.25 4250.447920400284 0.2719847441219132
3.5 4455.874092499312 0.2503689769301415
3.75 4647.6895037169 0.2312270687634295
4 4825.580669583949 0.2142759088279399
4.25 4989.449446912357 0.1992647602421599
4.5 5139.350360700332 0.1859716321469481
4.75 5275.439790769286 0.1742001998801444
5 5398.022753663706 0.1637761156951022
5.25 5507.470162006567 0.1545452483304915
5.5 5604.260673551587 0.1463710242028694
5.75 5688.905193570328 0.1391326540957515
6 5761.978430989904 0.1327226219961002
6.25 5824.101418523963 0.1270462784875158
6.5 5875.917065455146 0.1220199222691473
6.75 5918.08252857281 0.1175692886896946
7 5951.261408929005 0.1136283258805625
7.25 5976.120863417996 0.110138723286234
7.5 5993.313234544498 0.1070488265598991
7.75 6003.477684356669 0.1043128844548335
8 6007.231457130446 0.101890382881141
8.25 6005.164987449979 0.09974544307405123
8.5 5997.838736247521 0.09784629322599524
8.75 5985.780975679068 0.09616479681186491
9 5969.485292362142 0.09467603626965911
9.25 5949.408962211961 0.09335794495156631
9.5 5925.976696571425 0.09219098416123156
9.75 5899.578601332277 0.09115785144358889
10 5870.568269365118 0.09024322216970695
10.25 5839.270244952308 0.08943352854909001
10.5 5805.97877353118 0.08871675599796262
10.75 5770.958191618141 0.08808224964724415
11 5734.450046034834 0.08752060344214449
11.25 5696.666466486947 0.08702347437669446
11.5 5657.794433011944 0.08658348620768277
11.75 5618.011163318261 0.08619407986609036
12 5577.470224895209 0.0858494711198925
12.25 5536.301790530184 0.08554450173752362
12.5 5494.626240189904 0.08527471097867578
12.75 5452.550947285524 0.08503601567596084
13 5410.165865821456 0.08482485957507577
13.25 5367.55746083566 0.08463808607135531
13.5 5324.798972790052 0.08447290500403154
13.75 5281.957632042168 0.08432684522858959
14 5239.084759166018 0.08419771722712473
14.25 5196.229707069659 0.08408358307450572
14.5 5153.435702780865 0.08398272706220143
14.75 5110.739406585974 0.08389364479045006
15 5068.172831010268 0.08381496584699361
15.25 5025.765372689938 0.08374551106710675
15.5 4983.543240844493 0.08368422360093335
15.75 4941.52850206822 0.08363016595206731
16 4899.736693910466 0.08358251184044908
16.25 4858.183940131617 0.08354051263756469
16.5 4816.884000938989 0.083503545842823
16.75 4775.848299093329 0.08347103234788904
17 4735.085446803412 0.08344247476458326
17.25 4694.603893011425 0.08341741288359028
17.5 4654.410529916333 0.08339544559023933
17.75 4614.511032824086 0.08337621847049451
18 4574.909974097234 0.08335942147146036
18.25 4535.611029103374 0.08334478138795447
18.5 4496.617471829987 0.08333205231368346
18.75 4457.931910611244 0.08332101549593832
19 4419.553915416187 0.08331147816820941
19.25 4381.485935834304 0.08330327127099726
19.5 4343.730343060664 0.08329624051498997
19.75 4306.284847247443 0.08329025371614099
20 4269.148422813357 0.08328513808946399
20.25 4232.321072471509 0.08328087575396131
20.5 4195.80326695856 0.0832773696881908
20.75 4159.595590436896 0.08327449949303681
21 4123.697313215602 0.08327224754318152
21.25 4088.10309095806 0.08327048753958742
21.5 4052.811851957938 0.08326919415535466
21.75 4017.824004968741 0.08326832308271943
22 3983.136557308773 0.0832678067395947
22.25 3948.745398757199 0.08326761037797058
22.5 3914.650021519024 0.08326769366751045
22.75 3880.849096874679 0.08326802600741462
23 3847.342421051332 0.08326860487537191
23.25 3814.126187428668 0.08326938584889509
23.5 3781.198910495591 0.08327035159237088
23.75 3748.562348783119 0.0832715159961374
24 3716.203776422275 0.08327277854071502
24.25 3684.130524853515 0.08327419713613067
24.5 3652.339402800729 0.08327575323634553
24.75 3620.826756409843 0.08327742782609916
25 3589.589637064652 0.0832792026054978
25.25 3558.625096148953 0.08328105927464764
25.5 3527.930297900115 0.08328298157298533
25.75 3497.503549262 0.08328497388932526
26 3467.34280289897 0.08328703421044303
26.25 3437.445805969176 0.08328915680949638
26.5 3407.810498064056 0.08329133734379793
26.75 3378.435396893175 0.08329357562901087
27 3349.318675200179 0.08329586899949022
27.25 3320.458471869496 0.08329821454604483
27.5 3291.852278536589 0.08330060855029073
27.75 3263.49709402706 0.08330304667773153
28 3235.390424307362 0.08330552522789995
28.25 3207.529813011335 0.0833080406320959
28.5 3179.913732721793 0.08331059260348372
28.75 3152.54056729707 0.08331318054177489
29 3125.408427922445 0.08331580288335996
29.25 3098.515239117975 0.0833184581039199
29.5 3071.857879403132 0.08332114489930414
29.75 3045.433698133943 0.08332386186625768
30 3019.240163587567 0.08332660757649418
30.25 2993.275187339971 0.0833293813303754
30.5 2967.537444752781 0.0833321836836937
30.75 2942.025046918128 0.08333501426475454
31 2916.736086026118 0.08333787267358739
31.25 2891.668648802995 0.08334075889321772
31.5 2866.820820654511 0.08334367299923265
31.75 2842.190689629389 0.08334661488195688
32 2817.776389184627 0.08334958449136275
32.25 2793.576539828316 0.08335258241720507
32.5 2769.589566458521 0.08335560899228846
32.75 2745.813789808569 0.08335866441258841
33 2722.247530611783 0.0833617488740804
33.25 2698.889072354228 0.08336486251306291
33.5 2675.735986872178 0.08336800432563925
33.75 2652.786035498698 0.08337117361152177
34 2630.037187886855 0.08337437000419019
34.25 2607.487413689716 0.08337759313712421
34.5 2585.134697430318 0.08338084266541004
34.75 2562.97765377109 0.08338411915974422
35 2541.014838727488 0.08338742310560764
35.25 2519.244555705704 0.08339075462143272
35.5 2497.665108111931 0.08339411382565194
35.75 2476.276513318196 0.08339750488176886
36 2455.073204875007 0.08340091877510419
36.25 2434.057376806483 0.08340436480620238
36.5 2413.227435696207 0.08340784333700121
36.75 2392.581853175458 0.08341135488295535
37 2372.119165923213 0.08341490011303622
37.25 2351.836749519755 0.08341847680312325
37.5 2331.73003589246 0.08342207779044535
37.75 2311.799752611284 0.08342570849593141
38 2292.046229328087 0.08342937401610619
38.25 2272.466579617017 0.08343307084056603
38.5 2253.055326571731 0.08343678793443662
38.75 2233.81356992033 0.0834405338899341
39 2214.738850971755 0.08344430666194469
39.25 2195.837198072398 0.08344812860019421
39.5 2177.097240666867 0.08345196835732449
39.75 2158.523777379522 0.08345584733139404
40 2140.1120965511 0.0834597545481427
40.25 2121.865380760405 0.08346370523387031
40.5 2103.774953736637 0.0834676755602117
40.75 2085.845031994277 0.08347168507395432
41 2068.074571295762 0.08347573455959749
41.25 2050.457223459307 0.08347980722118553
41.5 2032.992056991321 0.08348390638336259
41.75 2015.67851886187 0.08348804064111398
42 1998.516507298057 0.08349221146389438
42.25 1981.506022299882 0.08349641885170377
42.5 1964.647063867345 0.08350066280454214
42.75 1947.937777114405 0.08350494531829639
43 1931.374921751931 0.0835092641980022
43.25 1914.957069596928 0.08351361670719831
43.5 1898.682390872211 0.08351800193760218
43.75 1882.554555329084 0.08352243919724485
44 1866.567070507103 0.08352690712012746
44.25 1850.715850924116 0.08353139458626094
44.5 1835.005128464024 0.0835359257564539
44.75 1819.433212478998 0.08354049846351792
45 1803.996812362891 0.08354510370620072
45.25 1788.695885870203 0.08354974710422357
45.5 1773.530393376751 0.08355443428819574
45.75 1758.497873659715 0.08355915903234699
46 1743.594511741398 0.08356390952680874
46.25 1728.82021612889 0.08356869215754928
46.5 1714.174943096422 0.08357351316572441
46.75 1699.658656770016 0.08357837781395736
47 1685.271239470946 0.08358329137185727
47.25 1671.011965052379 0.08358825718465877
47.5 1656.8806441237 0.08359327588245363
47.75 1642.872818240636 0.08359833037720853
48 1628.985175034945 0.08360340951633727
48.25 1615.217661718972 0.08360852107569013
48.5 1601.570237314623 0.08361367129787564
48.75 1588.042783190924 0.08361886605524106
49 1574.634690030599 0.08362411023504208
49.25 1561.345814594312 0.08362940483579588
49.5 1548.175108065881 0.08363475137085669
49.75 1535.121800638087 0.08364014994095019
50 1522.182634293749 0.08364558881608941
50.25 1509.356458995823 0.08365106496042721
50.5 1496.643220507366 0.08365658736011879
50.75 1484.042253199968 0.08366215589926905
51 1471.550342762484 0.083667760124898
51.25 1459.167045185372 0.08367340049874929
51.5 1446.892300095115 0.08367908728245968
51.75 1434.725632723261 0.08368482047601221
52 1422.664181384476 0.08369059049094678
52.25 1410.707435404724 0.08369639956741111
52.5 1398.855350174692 0.08370225550509308
52.75 1387.107886691902 0.08370816545261206
53 1375.464584467381 0.08371413161580621
53.25 1363.922137265676 0.08372013800335308
53.5 1352.479848799561 0.08372618366876797
53.75 1341.137665514138 0.08373227842750318
54 1329.895562836668 0.0837384269701916
54.25 1318.753494923602 0.08374463815756678
54.5 1307.708087581889 0.08375088738347733
54.75 1296.763059286168 0.08375721766656317
55 1285.912344040468 0.083763580130752
55.25 1275.155823319034 0.08376998518219557
55.5 1264.491995417008 0.08377642651547519
55.75 1253.923091274639 0.08378293396020711
56 1243.447775958759 0.08378950185512107
56.25 1233.063476295062 0.08379611271317167
56.5 1222.770880847589 0.08380278167549639
56.75 1212.569950007492 0.08380951722663835
57 1202.458793989899 0.08381630662709251
57.25 1192.435197769602 0.08382313660270896
57.5 1182.501630042137 0.083830041279049
57.75 1172.6529721041 0.08383697485608879
58 1162.888115390472 0.08384393591966875
58.25 1153.208413766257 0.08385095079140763
58.5 1143.61468598467 0.08385803455446103
58.75 1134.106892039735 0.08386519657265445
59 1124.684001572826 0.08387242996350373
59.25 1115.342590248142 0.08387970433084417
59.5 1106.082340982789 0.0838870260475517
59.75 1096.903217218201 0.08389440328817838
60 1087.804920949375 0.08390184245395861
60.25 1078.785286388942 0.08390932857240091
60.5 1069.84382172189 0.08391686051115636
60.75 1060.980470649916 0.08392445128709861
61 1052.195212288073 0.08393210588549002
61.25 1043.4879966863 0.08393983651725258
61.5 1034.858485924421 0.08394764355650328
61.75 1026.305633798783 0.08395552386617242
62 1017.828651390809 0.0839634721733617
62.25 1009.425722750756 0.08397147325830258
62.5 1001.092406574646 0.08397947578137518
62.75 992.8306196700668 0.08398752041717737
63 984.643233384443 0.08399566069037412
63.25 976.5301203848007 0.08400390361081024
63.5 968.4868674972524 0.08401218808804051
63.75 960.5110614096828 0.08402048818479103
64 952.6049774007392 0.08402885359906924
64.25 944.7717518106648 0.08403734494076391
64.5 937.0063402026165 0.08404588581489539
64.75 929.308235855252 0.08405447840454472
65 921.6773962331968 0.0840631339579835
65.25 914.1137741110026 0.08407186553838802
65.5 906.6173461893186 0.08408067969151681
65.75 899.1877384748079 0.08408957518243346
66 891.8240029764642 0.08409854872351356
66.25 884.5248874296924 0.08410758653560789
66.5 877.2896575624372 0.08411668618653803
66.75 870.1182746506526 0.08412585866466749
67 863.0098622440686 0.08413509713131273
67.25 855.9581954563964 0.08414429089066176
67.5 848.971477112203 0.08415362930104055
67.75 842.0452572442291 0.08416302163446167
68 835.1802365588026 0.08417249744688712
68.25 828.3758051171632 0.08418205592524196
68.5 821.6310080868454 0.08419168623360922
68.75 814.9448463137899 0.08420137529386103
69 808.3155805558778 0.08421110353278087
69.25 801.746493411061 0.08422095353832304
69.5 795.2322489984401 0.08423081486749499
69.75 788.7791658623171 0.08424085134014517
70 782.3802919012813 0.08425090155686193
70.25 776.0374860952313 0.08426102741053809
70.5 769.7508160912564 0.08427124272370184
70.75 763.5195186003795 0.08428153911827249
71 757.3409847594743 0.08429186669688292
71.25 751.2183570427601 0.08430232030394405
71.5 745.1491495702003 0.08431284033701263
71.75 739.1301342965714 0.08432335950701064
72 733.1659484563146 0.08433401984558622