Time E_coli E_coli_biomass_e
0 1000 1
0.25 1222.045594784688 0.904673814701398
0.5 1464.579859505066 0.8192576312026771
0.75 1724.850156983687 0.7427212695747629
1 1999.614461921907 0.6741414957643741
1.25 2285.523349683044 0.6126912323151488
1.5 2579.228966995447 0.5576293693640295
1.75 2877.441538838217 0.5082918206126041
2 3177.015250872123 0.4640834846777704
2.25 3475.088216853702 0.4244711861137208
2.5 3769.169818255639 0.3889772137554088
2.75 4056.93665888844 0.3571734474413749
3 4336.446401748264 0.3286746960517131
3.25 4606.088468028741 0.3031387480882949
3.5 4864.502964565702 0.280257498972536
3.75 5110.639859261073 0.2597558416805357
4 5343.67227693752 0.2413854063910562
4.25 5562.996456231325 0.2249252726914982
4.5 5768.18554862186 0.2101783142562066
4.75 5959.037028732018 0.1969648491741166
5 6135.437419364313 0.1851254476735411
5.25 6297.461968823315 0.1745172148786727
5.5 6445.258742470406 0.1650121894260486
5.75 6579.090784927133 0.1564956384542536
6 6699.317017328825 0.1488648352065493
6.25 6806.362844004581 0.1420275166238418
6.5 6900.704825150384 0.1359012369685652
6.75 6982.878400874462 0.1304122031347451
7 7053.466191674739 0.1254942695691892
7.25 7113.076473463184 0.1210879292764932
7.5 7162.330748499531 0.117140013517016
7.75 7201.868837682783 0.1136028565035639
8 7232.328200161617 0.1104337433005945
8.25 7254.346156766667 0.1075942180357769
8.5 7268.549090933639 0.1050505416958692
8.75 7275.548995488618 0.1027716025476439
9 7275.93784953529 0.1007298978874238
9.25 7270.28283060309 0.09890070948720196
9.5 7259.122736690445 0.09726202204661503
9.75 7242.970593768322 0.09579381670357534
10 7222.308570193668 0.0944782846813
10.25 7197.585888841062 0.09329981108788436
10.5 7169.219459747704 0.09224411062844327
10.75 7137.597031621985 0.0912984610747524
11 7103.082109404907 0.09045134486776756
11.25 7066.003998108475 0.08969250899122892
11.5 7026.662672106784 0.08901277838864964
11.75 6985.331429154046 0.0884039322311781
12 6942.265052937818 0.08785858903633399
12.25 6897.691781079415 0.08737014217256613
12.5 6851.815748871297 0.08693268012734431
12.75 6804.825157425513 0.08654089304394103
13 6756.888349947461 0.08619001178798646
13.25 6708.154809820036 0.08587581707915433
13.5 6658.759500388087 0.08559447038588122
13.75 6608.821756960377 0.085342572720955
14 6558.451689338215 0.08511703975454714
14.25 6507.747185925942 0.0849151489949823
14.5 6456.797480015706 0.08473442384539222
14.75 6405.681812794546 0.08457265962416544
15 6354.464189244134 0.08442793155209018
15.25 6303.204468197849 0.0842984265545942
15.5 6251.955471054335 0.0841825673585843
15.75 6200.769892281638 0.08407893596334871
16 6149.685935919689 0.08398625991366442
16.25 6098.746531228126 0.08390341273778838
16.5 6047.980957749105 0.08382936171671862
16.75 5997.415921202285 0.08376319549537684
17 5947.076216720474 0.08370408264733732
17.25 5896.986144276056 0.08365130261098699
17.5 5847.164430262392 0.08360419724988899
17.75 5797.626935981706 0.08356217273540971
18 5748.390781114728 0.083524719440401
18.25 5699.470706525504 0.08349133457401696
18.5 5650.87319421917 0.08346161907832288
18.75 5602.606906930369 0.0834351732038691
19 5554.680296054526 0.08341167609000152
19.25 5507.100891964764 0.08339074590851915
19.5 5459.868489753736 0.08337230826090848
19.75 5412.991819080581 0.08335590003615864
20 5366.473624429495 0.08334139775883743
20.25 5320.314700333185 0.08332860295609185
20.5 5274.520040752443 0.08331732542740283
20.75 5229.092539961629 0.0833074269879536
21 5184.033076133518 0.08329875472415367
21.25 5139.341180436879 0.08329120630503897
21.5 5095.012934200765 0.08328463945535237
21.75 5051.050357879921 0.08327897167679371
22 5007.455946424616 0.08327410874579463
22.25 4964.223696866795 0.08326995671701383
22.5 4921.353386539888 0.08326645324607955
22.75 4878.846472589303 0.08326353075195007
23 4836.701105080265 0.08326110666156229
23.25 4794.916808510143 0.08325916002221795
23.5 4753.490897295371 0.08325766008952681
23.75 4712.416455818247 0.08325652769393643
24 4671.69352810163 0.08325574397989298
24.25 4631.323363895507 0.08325526189775194
24.5 4591.304728714039 0.08325506697073655
24.75 4551.632420381612 0.08325511606189245
25 4512.304556355321 0.08325539831306812
25.25 4473.31450399219 0.08325588199245108
25.5 4434.661663188775 0.08325655147939377
25.75 4396.346214005099 0.08325739045509106
26 4358.364764487441 0.08325838108885915
26.25 4320.714422503216 0.08325951156164181
26.5 4283.389632074924 0.08326076365405327
26.75 4246.389547781593 0.08326213360050849
27 4209.711504587133 0.08326360624209342
27.25 4173.356735826454 0.0832651860406959
27.5 4137.317201963109 0.08326683926505662
27.75 4101.597020960872 0.08326858326998671
28 4066.192018616456 0.08327040866107757
28.25 4031.09754199769 0.08327230559591998
28.5 3996.310062886238 0.08327426528462643
28.75 3961.826224391363 0.08327627972125817
29 3927.644402608154 0.08327834882955057
29.25 3893.762436699885 0.0832804700763843
29.5 3860.177854578387 0.08328263950443772
29.75 3826.88785053874 0.0832848537504073
30 3793.888636208426 0.08328711120066896
30.25 3761.177013730976 0.08328940919016095
30.5 3728.749841313037 0.08329174495399877
30.75 3696.605280854494 0.08329411739966756
31 3664.742424893676 0.08329652662846963
31.25 3633.159380514204 0.08329897147757212
31.5 3601.854210185284 0.08330145078208603
31.75 3570.823980406815 0.08330396334643032
32 3540.065875984949 0.08330650797866969
32.25 3509.57736095937 0.08330908349547375
32.5 3479.356093837118 0.08331168900234841
32.75 3449.400739951687 0.08331432510020717
33 3419.70949324965 0.08331699168982737
33.25 3390.280441273489 0.08331968851394773
33.5 3361.111193478832 0.0833224149710686
33.75 3332.198620442786 0.0833251699276733
34 3303.540161091431 0.08332795265947528
34.25 3275.133268917732 0.08333076245357193
34.5 3246.975394606458 0.08333359867378456
34.75 3219.063988380116 0.08333646069656407
35 3191.396501694304 0.08333934786467162
35.25 3163.970493206258 0.08334225969333184
35.5 3136.784548393276 0.08334519734969352
35.75 3109.836921222794 0.08334816146758009
36 3083.125687928933 0.08335115239488181
36.25 3056.648925323987 0.08335417045424612
36.5 3030.404711847578 0.08335721589727271
36.75 3004.391124943567 0.08336028901903533
37 2978.606241968314 0.083363390118428
37.25 2953.048144022359 0.08336651926099628
37.5 2927.714913615579 0.08336967642445171
37.75 2902.604629997102 0.08337286178972543
38 2877.715372415657 0.08337607553777326
38.25 2853.045220119977 0.08337931784955098
38.5 2828.592252358794 0.08338258890601441
38.75 2804.354548380838 0.08338588888811935
39 2780.330091105356 0.08338921774724259
39.25 2756.516444686111 0.08339257443673041
39.5 2732.911480438914 0.08339595864197868
39.75 2709.513122333685 0.08339937017387215
40 2686.319294340348 0.08340280884329554
40.25 2663.327920428823 0.08340627446113358
40.5 2640.536924569034 0.08340976683827102
40.75 2617.944244223449 0.08341328579119706
41 2595.549256399176 0.08341683181713849
41.25 2573.352354336496 0.0834204100908519
41.5 2551.353112638992 0.08342402539690683
41.75 2529.545077516092 0.08342766665128018
42 2507.926813896928 0.08343133504636119
42.25 2486.499111810514 0.08343503673385085
42.5 2465.260373139391 0.0834387719879634
42.75 2444.20580044018 0.0834425333187063
43 2423.340113682242 0.08344633647641
43.25 2402.65773619316 0.08345017140617006
43.5 2382.152853989111 0.08345402791235493
43.75 2361.831278391319 0.08345792544949142
44 2341.687367876549 0.08346185355005431
44.25 2321.719921473751 0.08346581337514468
44.5 2301.929377975356 0.08346981043753617
44.75 2282.312518497085 0.08347384064139747
45 2262.865234996293 0.08347789724669313
45.25 2243.586840476356 0.08348198372012292
45.5 2224.477091273001 0.08348610511677612
45.75 2205.535993934441 0.08349026377769471
46 2186.763467329686 0.0834944636272146
46.25 2168.15490294256 0.08349869237448276
46.5 2149.708134891992 0.0835029517893266
46.75 2131.425190945552 0.08350725432667654
47 2113.303722811691 0.08351159527725661
47.25 2095.341724072835 0.08351597296223565
47.5 2077.538765002053 0.08352039059485035
47.75 2059.891025453211 0.08352483884926219
48 2042.396255584249 0.08352931706274433
48.25 2025.057073077205 0.08353383957207025
48.5 2007.86566745078 0.08353838336901943
48.75 1990.825823977389 0.08354296814190916
49 1973.938110292164 0.08354760094506231
49.25 1957.199697145453 0.08355227559813269
49.5 1940.605567076326 0.08355697833460173
49.75 1924.157750622363 0.0835617225044505
50 1907.857443028021 0.08356651760805341
50.25 1891.699409476567 0.08357134786483975
50.5 1875.678545464345 0.08357619846464921
50.75 1859.797895012433 0.08358108837945204
51 1844.05742614639 0.08358602274790856
51.25 1828.453986572395 0.08359099370643552
51.5 1812.991998586353 0.083596025644748
51.75 1797.66436870585 0.08360109179247605
52 1782.468010399559 0.0836061846334612
52.25 1767.407573985355 0.08361133183630907
52.5 1752.479166915674 0.08361652047735568
52.75 1737.679046378411 0.08362173860253211
53 1723.0102058727 0.08362700678534013
53.25 1708.468237624092 0.08363230950547476
53.5 1694.057735345329 0.0836376754839811
53.75 1679.774800131256 0.08364308991252066
54 1665.617449046058 0.08364854823199865
54.25 1651.582200942295 0.08365403735044656
54.5 1637.668668346495 0.08365956348058895
54.75 1623.879737593057 0.08366514867528685
55 1610.209646157511 0.08367076756171617
55.25 1596.658304276715 0.08367643218856904
55.5 1583.225750574978 0.08368214489404854
55.75 1569.911985052299 0.08368790567815468
56 1556.717195839436 0.08369371750071093
56.25 1543.637212157118 0.08369957055961069
56.5 1530.671730491008 0.08370546941090067
56.75 1517.819475985278 0.08371141254971641
57 1505.078107721828 0.08371739280297243
57.25 1492.450028025093 0.08372343207644178
57.5 1479.936454975945 0.08372954400843521
57.75 1467.53148996921 0.0837356950452736
58 1455.230279292304 0.08374186001517825
58.25 1443.0373512047 0.08374807909658272
58.5 1430.953972850715 0.08375436793234028
58.75 1418.978217875974 0.0837607188986194
59 1407.107366268094 0.08376711766579999
59.25 1395.337163342232 0.08377354145112792
59.5 1383.669466330835 0.08378001177243666
59.75 1372.106538586673 0.08378655314209363
60 1360.644142528907 0.08379314054509206
60.25 1349.2814642485 0.0837997743280286
60.5 1338.018463568319 0.08380646124931164
60.75 1326.855093749293 0.08381320942481359
61 1315.790298351681 0.08382001484578819
61.25 1304.820288799141 0.08382685512424032
61.5 1293.948504020327 0.08383376863849139
61.75 1283.172577465645 0.0838407408608651
62 1272.493430802081 0.08384778691933593
62.25 1261.90560889672 0.08385486486434293
62.5 1251.409792773963 0.08386198983860974
62.75 1241.006785553163 0.08386917885003717
63 1230.694102443338 0.08387641542846372
63.25 1220.474551150784 0.08388373482120438
63.5 1210.342007902037 0.08389108370197622
63.75 1200.296430390823 0.08389847218218506
64 1190.343857214613 0.0839059709547028
64.25 1180.479254861533 0.08391353214655771
64.5 1170.701116246034 0.08392114815356558
64.75 1161.006487648873 0.08392879634124188
65 1151.395615593417 0.08393649026702558
65.25 1141.870826032832 0.08394426523535048
65.5 1132.427205882141 0.08395207363632157
65.75 1123.065040871701 0.08395992881449262
66 1113.786688245253 0.08396786825908301
66.25 1104.58848971809 0.08397585580905184
66.5 1095.470223044767 0.08398389945451727
66.75 1086.432903799351 0.08399202488564396
67 1077.476772442825 0.08400023752577253
67.25 1068.601561262734 0.08400853545344247
67.5 1059.804528221105 0.08401689898814353
67.75 1051.08400953099 0.08402531421430808
68 1042.437963645162 0.08403376398411254
68.25 1033.866268363548 0.08404225875520779
68.5 1025.368873777936 0.08405080920218451
68.75 1016.945730315881 0.08405942636404837
69 1008.596792755644 0.08406812055893027
69.25 1000.322069186388 0.08407689266739259
69.5 992.1214817228151 0.08408575378494636
69.75 983.9887792121755 0.08409462021572209
70 975.9289519617291 0.08410358313159916
70.25 967.941562422223 0.08411264528766417
70.5 960.0249124736089 0.08412178458318038
70.75 952.175290879517 0.08413095218955435
71 944.3947082838342 0.08414019327846094
71.25 936.6847652048853 0.08414954448368303
71.5 929.0409970595942 0.08415893988457607
71.75 921.463021798827 0.08416838485664868
72 913.9507941951305 0.08417789025948112