Time E_coli E_coli_biomass_e
0 1000 1
0.25 1220.36779983681 0.8922793469966246
0.5 1457.085878588764 0.7972131986655916
0.75 1706.366879765594 0.7133148455267821
1 1964.320727367505 0.639273321787428
1.25 2227.100044903793 0.5739298353255093
1.5 2491.195619205873 0.5162630208263229
1.75 2753.321575646785 0.4653706616044399
2 3010.672328926823 0.4204572869525859
2.25 3260.863350340563 0.3808206714467303
2.5 3501.899987963023 0.3458408246152452
2.75 3732.224207578481 0.3149702943310783
3 3950.626980645357 0.2877266741338357
3.25 4156.219317742622 0.2636841071706389
3.5 4348.416426509553 0.2424664414702154
3.75 4526.786590456859 0.2237418248403978
4 4691.218224497467 0.2072174074310758
4.25 4841.688424129088 0.1926347290733817
4.5 4978.352748498138 0.1797656843811848
4.75 5101.501340762958 0.1684089544432986
5 5211.506138823148 0.1583869092315268
5.25 5308.817057224637 0.1495427472154652
5.5 5393.958323833483 0.1417380938774089
5.75 5467.511318407528 0.1348508109762674
6 5530.097250676044 0.1287731192018075
6.25 5582.366189200362 0.1234099324817568
6.5 5624.981240128831 0.1186772941744757
6.75 5658.619154025429 0.1145011162356144
7 5683.95948421286 0.1108160133178811
7.25 5701.66248765917 0.1075642942257449
7.5 5712.379109615187 0.1046950141549036
7.75 5716.735358333722 0.1021632320229181
8 5715.328422886982 0.09992928590631017
8.25 5708.72584834736 0.09795816779129871
8.5 5697.46183244824 0.09621898997523751
8.75 5682.032962020766 0.09468448733868765
9 5662.90164866801 0.09333060245638677
9.25 5640.490713733271 0.09213609053872099
9.5 5615.189875911234 0.09108219733715528
9.75 5587.355728208922 0.09015244390729181
10 5557.313141487884 0.08933223051298515
10.25 5525.351639865815 0.08860865357935539
10.5 5491.729865420491 0.08797037081581735
10.75 5456.682112376771 0.08740728347751398
11 5420.417475276248 0.0869107264861949
11.25 5383.129580983917 0.08647275490402206
11.5 5344.983343208381 0.08608649834387226
11.75 5306.124621811085 0.08574586250400543
12 5266.68824951756 0.08544548833542713
12.25 5226.781666943658 0.08518064624325503
12.5 5186.512679853205 0.08494715243399914
12.75 5145.968738022383 0.08474132238507689
13 5105.23175446135 0.08455990753089541
13.25 5064.370684346035 0.08440003792057682
13.5 5023.441782784183 0.08425917225548225
13.75 4982.500186223621 0.08413508688660791
14 4941.590355171616 0.08402580766583571
14.25 4900.748862058111 0.08392959659701053
14.5 4860.013182671384 0.08384498233538802
14.75 4819.42007030576 0.08377051061046813
15 4778.992612042121 0.0837049877282293
15.25 4738.747629264612 0.08364738294564056
15.5 4698.706367647193 0.08359679056080802
15.75 4658.888379854347 0.08355236268301551
16 4619.313613092751 0.08351304033920166
16.25 4579.978856146768 0.08347921934099349
16.5 4540.903232960528 0.08344929033301725
16.75 4502.095836738854 0.08342308337732492
17 4463.560912426487 0.08340019725289675
17.25 4425.310614506368 0.08338024576911082
17.5 4387.342756776629 0.08336288017541769
17.75 4349.661230950026 0.08334780707045902
18 4312.271706619976 0.08333474654778902
18.25 4275.175053065725 0.08332353329310288
18.5 4238.375120249796 0.0833138735946197
18.75 4201.873425075943 0.0833055629847667
19 4165.66889114102 0.08329848158104325
19.25 4129.762153111911 0.08329246698401918
19.5 4094.154349418296 0.08328742008044809
19.75 4058.841090104521 0.08328302554461819
20 4023.835040108359 0.08327974782573661
20.25 3989.119168916802 0.08327701059020434
20.5 3954.695201619182 0.08327481203932251
20.75 3920.56793988471 0.08327313963778335
21 3886.734661236894 0.08327194484343031
21.25 3853.187748313675 0.08327113498185583
21.5 3819.928927368378 0.08327071488825272
21.75 3786.956550881035 0.08327062800570288
22 3754.267870365741 0.08327081900859643
22.25 3721.861174785048 0.08327125535286004
22.5 3689.7355563731 0.08327192186397861
22.75 3657.889440458562 0.08327278906696695
23 3626.321045132554 0.08327383859056429
23.25 3595.028516471288 0.08327505592221755
23.5 3564.010049315124 0.0832764219407309
23.75 3533.262452394639 0.08327792184105993
24 3502.782415895242 0.08327954118729333
24.25 3472.567181226967 0.08328126482298753
24.5 3442.616203165953 0.08328308664440573
24.75 3412.928617631533 0.08328499924368107
25 3383.503051133398 0.08328699323762206
25.25 3354.335806645605 0.08328906111332277
25.5 3325.422579338388 0.08329119584711736
25.75 3296.760061750902 0.08329338961252693
26 3268.346255112773 0.08329563777618139
26.25 3240.180689531693 0.083297939435061
26.5 3212.261720971376 0.08330029082132083
26.75 3184.587683297471 0.0833026888824364
27 3157.156875925075 0.08330513271867916
27.25 3129.967616945699 0.08330762026324173
27.5 3103.018110627796 0.08331014936043356
27.75 3076.305830992992 0.08331271796259286
28 3049.828597555624 0.08331532397094753
28.25 3023.584329460235 0.08331796527198672
28.5 2997.570933126433 0.0833206397743889
28.75 2971.785843800917 0.08332334620845007
29 2946.226526189557 0.08332608325309614
29.25 2920.89061554631 0.0833288492898563
29.5 2895.77574712513 0.08333164270025975
29.75 2870.880296647475 0.08333446359533056
30 2846.203496560073 0.08333731408712856
30.25 2821.743868467811 0.08334019462741482
30.5 2797.499842524508 0.0833431055086581
30.75 2773.468856555845 0.08334604534470716
31 2749.648601247522 0.08334901317714821
31.25 2726.036958883197 0.08335200837167411
31.5 2702.632324759708 0.08335503109923222
31.75 2679.433873959076 0.08335808275476481
32 2656.440199065434 0.08336116381889254
32.25 2633.649811741792 0.08336427464646157
32.5 2611.060151310211 0.08336741392895888
32.75 2588.66885199116 0.08337058066018775
33 2566.47379520358 0.08337377421739268
33.25 2544.472862847439 0.08337699388880068
33.5 2522.663937759686 0.08338023878924382
33.75 2501.044902139714 0.08338350815153819
34 2479.613683443739 0.08338680133259325
34.25 2458.369237361488 0.08339012039269715
34.5 2437.310418712535 0.08339346712693542
34.75 2416.435799952078 0.08339684258801568
35 2395.745646359233 0.08340025149540781
35.25 2375.24238960193 0.08340370213947781
35.5 2354.918533451521 0.08340717972665829
35.75 2334.769561562501 0.08341067698012708
36 2314.796846893382 0.08341420282425706
36.25 2295.003784180742 0.08341777064992065
36.5 2275.384195956561 0.08342136722856093
36.75 2255.937945524602 0.08342499623698232
37 2236.659511644419 0.08342864679141515
37.25 2217.547887707675 0.08343232120571795
37.5 2198.603368081525 0.08343602544512788
37.75 2179.826009047084 0.08343976454004513
38 2161.215781936969 0.08344354255042645
38.25 2142.771549667138 0.0834473598774402
38.5 2124.488851942584 0.0834512067323436
38.75 2106.364868815796 0.08345507907550305
39 2088.397391661473 0.08345897503554082
39.25 2070.58671325789 0.08346290114208821
39.5 2052.933079956664 0.0834668635731014
39.75 2035.43645813782 0.08347086670384482
40 2018.095669591957 0.08347491089435392
40.25 2000.907198384827 0.08347898797835061
40.5 1983.869434182772 0.08348309702342036
40.75 1966.981602740601 0.08348724034650142
41 1950.241753384684 0.08349141607437933
41.25 1933.647409191099 0.08349562056734641
41.5 1917.198011767924 0.08349985714216483
41.75 1900.894164315582 0.08350413338155274
42 1884.734193978712 0.08350844790968595
42.25 1868.715275509853 0.08351279469488695
42.5 1852.835225476868 0.08351717028561143
42.75 1837.091865241928 0.08352157124295929
43 1821.484657667633 0.08352600144054348
43.25 1806.014152473607 0.08353047595150447
43.5 1790.680433976148 0.08353498233180216
43.75 1775.483316389624 0.08353954181644969
44 1760.418502188895 0.08354413536167919
44.25 1745.485450350591 0.0835487655298474
44.5 1730.6869474208 0.08355345091902415
44.75 1716.014490873368 0.08355815549194058
45 1701.473304384379 0.08356291223242604
45.25 1687.061786107307 0.0835677175078425
45.5 1672.775179057985 0.08357255279977191
45.75 1658.613063581708 0.08357742264721162
46 1644.575602772966 0.08358233433497909
46.25 1630.659658284511 0.08358727657421763
46.5 1616.864122969771 0.08359225134188439
46.75 1603.192566619919 0.08359728477290183
47 1589.638398044312 0.08360234456567731
47.25 1576.204115319505 0.08360745272784278
47.5 1562.888039973546 0.08361260485376418
47.75 1549.688966677531 0.08361780024280302
48 1536.606849332 0.08362304474142762
48.25 1523.635970624459 0.08362830977948885
48.5 1510.780291454359 0.08363362790248656
48.75 1498.035706942764 0.083638979415223
49 1485.406286567269 0.08364439725431924
49.25 1472.88667617387 0.08364985168471288
49.5 1460.47574314459 0.08365534239721169
49.75 1448.173280796101 0.0836608766821839
50 1435.978530460183 0.08366646009568646
50.25 1423.891402668295 0.08367209321065776
50.5 1411.91175629872 0.08367777640644444
50.75 1400.038213281701 0.08368351338741022
51 1388.270358596165 0.08368930467430609
51.25 1376.604053389619 0.08369512530710944
51.5 1365.037564399353 0.08370097353789109
51.75 1353.577033404855 0.08370690489670563
52 1342.214894720947 0.08371286415439198
52.25 1330.949042790577 0.08371884401380478
52.5 1319.785538918994 0.08372490337060272
52.75 1308.719392299089 0.08373100552710194
53 1297.749024224685 0.08373714525260996
53.25 1286.874057029902 0.08374333152046562
53.5 1276.094090267193 0.08374956869437634
53.75 1265.409123505351 0.08375585677888497
54 1254.818503194315 0.08376219970340754
54.25 1244.321574703786 0.08376860140385492
54.5 1233.917605912849 0.08377506079881646
54.75 1223.605404058997 0.08378157476945598
55 1213.381234632659 0.08378811710549108
55.25 1203.245011084056 0.08379469393982884
55.5 1193.200392204189 0.08380135197495857
55.75 1183.244774372421 0.08380807211142503
56 1173.375807089352 0.08381483708311389
56.25 1163.593448791825 0.08382165600777296
56.5 1153.897671875936 0.08382853509703186
56.75 1144.288383862977 0.08383548263508429
57 1134.763210897072 0.08384248132644927
57.25 1125.320877644882 0.08384952341126441
57.5 1115.961335170263 0.08385661993885209
57.75 1106.682789121596 0.08386375670338921
58 1097.481579097494 0.08387090278726347
58.25 1088.361960738171 0.08387812133367648
58.5 1079.325045184631 0.08388543361637102
58.75 1070.367812762067 0.08389280671001388
59 1061.489750902583 0.08390024498970165
59.25 1052.685825858438 0.08390769165553093
59.5 1043.96120132971 0.08391522929024016
59.75 1035.312851953697 0.08392282180323718
60 1026.738095195411 0.08393044413932289
60.25 1018.238289779563 0.08393812702390949
60.5 1009.818272070903 0.08394594673424272
60.75 1001.472427985637 0.08395382672138971
61 993.1979779237242 0.08396173573103445
61.25 984.9910129996304 0.08396963032940179
61.5 976.8570981060027 0.08397760970505419
61.75 968.7965130066641 0.08398568644038257
62 960.8068503699895 0.08399382821157395
62.25 952.8881190131514 0.08400204812846769
62.5 945.0397657992492 0.08401034286477251
62.75 937.2583247511199 0.08401867195089686
63 929.5442249379272 0.08402705091121916
63.25 921.8974425224534 0.0840354863264777
63.5 914.3179118139822 0.08404399633190131
63.75 906.805536738966 0.08405258164724157
64 899.359277578398 0.08406123857035683
64.25 891.9788293057817 0.08406997011101053
64.5 884.6641392668663 0.08407878575224303
64.75 877.414105503215 0.08408767415902114
65 870.2280805730006 0.08409663384726426
65.25 863.104498404147 0.0841056454357027
65.5 856.0391648465767 0.08411464033747233
65.75 849.0366522308168 0.08412372725441837
66 842.0979754607145 0.08413293719479634
66.25 835.2213592764654 0.0841422397795954
66.5 828.4047646975483 0.08415160169139319
66.75 821.6481512053375 0.08416103460949186
67 814.9499038108056 0.0841705169354732
67.25 808.308282201757 0.08418002266011508
67.5 801.7278176977323 0.08418966858730856
67.75 795.2041409564513 0.08419936279553905
68 788.7356260907811 0.08420908132644574
68.25 782.3222105557664 0.08421884350393508
68.5 775.9638627769873 0.08422865917101353
68.75 769.6605505778431 0.08423853886984412
69 763.4122207403261 0.08424850003647992
69.25 757.2188595538503 0.08425854748102145
69.5 751.0804184433532 0.08426869831457573
69.75 744.9967892496352 0.08427895309141376
70 738.966946613799 0.08428930106499996
70.25 732.9906235296172 0.08429974115274258
70.5 727.0677811770867 0.08431028775167211
70.75 721.1970199242821 0.0843209050885973
71 715.3744137734759 0.08433150031261599
71.25 709.605806630994 0.0843422688010058
71.5 703.8869217288677 0.08435308786819748
71.75 698.2188699372565 0.08436400173265284
72 692.6009614595865 0.08437500764929616