Time E_coli E_coli_biomass_e
0 1000 1
0.5 1492.039764513963 0.9003418637558342
1 2137.120019965892 0.8106128464585215
1.5 2950.202193847718 0.7298249876549084
2 3939.119944368862 0.657087917221304
2.5 5103.091228088027 0.5915995941154475
3 6432.967537729335 0.5326379421996281
3.5 7911.084353999819 0.4795527301281959
4 9512.651161536483 0.4317582811956123
4.5 11207.037921238 0.3887274376469755
5 12959.63555257576 0.3499853809552333
5.5 14733.44535977382 0.3151047994935352
6 16490.8829490977 0.2837009131600227
6.5 18195.00392258064 0.2554272196496645
7 19810.78740616477 0.2299717814082847
7.5 21306.08428332155 0.2070537421715474
8 22652.04792238754 0.1864202314925849
8.5 23823.6885980673 0.1678436147004096
9 24799.99951008661 0.151118934916131
9.5 25564.00469576813 0.1360616781708351
10 26102.81419902146 0.12250573911537
10.5 26407.5431005141 0.1103015560845637
11 26473.27063035753 0.09931451886247782
11.5 26298.99257585418 0.08942344777042152
12 25887.58694405785 0.08051922783636714
12.5 25245.96871222027 0.07250387764512854
13 24384.91849120318 0.0652889379942794
13.5 23319.28218860423 0.05879496871009349
14 22068.01133470362 0.05295057466127302
14.5 20654.10047278677 0.04769162632216263
15 19104.48056300136 0.0429605293291502
15.5 17449.63552217999 0.03870570210476131
16 15723.33453091912 0.03488108124193154
16.5 13961.66374905853 0.03144571973453766
17 12202.11158614939 0.02836352124170723
17.5 10482.45766922077 0.02560312653432268
18 8838.98464784787 0.02313800117131954
18.5 7304.924913017429 0.02094683156666758
19 5908.559619803513 0.0190143646807054
19.5 4671.842888202593 0.01733290573037123
20 3608.649833200059 0.01590463825673143
20.5 2724.116855222208 0.01474485249134753
21 2014.155349616892 0.01388540192793536
21.5 1465.856901723032 0.01337568005620578
22 1058.723761506364 0.0132764215205557
22.5 767.1172760941031 0.01364173948673794
23 563.9821827119655 0.01449495135856047
23.5 424.2862869031087 0.01581028490437233
24 328.0167976398337 0.0175217285593502
24.5 260.6933124315679 0.01954308041902858
25 212.5695460006621 0.02178971515795054
25.5 177.3015183637888 0.02418807706672411
26 150.8022182039555 0.02668003625909982
26.5 130.4301112059375 0.02922271806349329
27 114.4362397724569 0.03178268443167422
27.5 101.64508562165 0.03433581967944504
28 91.24762489255694 0.03686517393841177
28.5 82.67508315170468 0.03935833605635233
29 75.51480274478655 0.04180396976478078
29.5 69.46925014182912 0.04419679097142278
30 64.31549874730736 0.0465330905015086
30.5 59.88242183881365 0.0488070113178395
31 56.04032931730162 0.05101705492804577
31.5 52.68910331552166 0.05316678514725046
32 49.7451897313998 0.05524849968025722
32.5 47.14483148259515 0.05726091310388495
33 44.83804440748446 0.05921173138363778
33.5 42.78192804711259 0.06109792974837527
34 40.93961645919308 0.06291109884912295
34.5 39.2874060214863 0.06467522812350826
35 37.7952063189055 0.06636472841637306
35.5 36.44735414767902 0.06800192202643339
36 35.22257713978953 0.0695628206285966