Time E_coli E_coli_biomass_e
0 1000 1
0.25 1222.856802977724 0.9105918351072055
0.5 1468.193928572608 0.8299011355364438
0.75 1733.778143195517 0.7570777868234058
1 2016.878782776849 0.6913550455976535
1.25 2314.536868798487 0.6320409588302333
1.5 2623.515368395038 0.5785103148347117
1.75 2940.725793697699 0.5301993418884607
2 3262.95208168317 0.4865989952555904
2.25 3587.292631250751 0.4472500678734735
2.5 3910.923349476477 0.4117381974006749
2.75 4231.314364726787 0.3796890973273277
3 4546.201342288688 0.3507651452930688
3.25 4853.600787368596 0.3246616393302657
3.5 5151.760455870692 0.3011035865344285
3.75 5439.240528049998 0.2798428040194755
4 5714.807164855228 0.2606553283140272
4.25 5977.518833133226 0.2433391505839419
4.5 6226.6196232041 0.2277115675993919
4.75 6461.519674758936 0.2136080649989549
5 6681.821986038039 0.2008800442296276
5.25 6887.294707615354 0.1893931293760577
5.5 7077.849149230387 0.1790263723354307
5.75 7253.514321558673 0.1696706772238248
6 7414.426407665374 0.1612276698057046
6.25 7560.815347866273 0.1536081864055177
6.5 7693.00031296523 0.1467319416845149
6.75 7811.390264637417 0.1405264100782041
7 7916.438574980792 0.1349261909298376
7.25 8008.656211906194 0.1298723400408169
7.5 8088.598031859747 0.1253116025075946
7.75 8156.842943179409 0.1211957952661674
8 8213.996653152804 0.1174816265000581
8.25 8260.682905528067 0.1141298762120884
8.5 8297.534249210461 0.1111051865180685
8.75 8325.18640542944 0.1083757434172514
9 8344.262325542009 0.1059126894562743
9.25 8355.375321242962 0.103690030125136
9.5 8359.125521966065 0.101684335971285
9.75 8356.094111885168 0.09987444656731075
10 8346.837576814054 0.09824125401119488
10.25 8331.887044824593 0.09676756280225521
10.5 8311.74605813165 0.09543782274095083
10.75 8286.892115109938 0.09423797018460167
11 8257.771727701527 0.09315537724811185
11.25 8224.808453919746 0.09217841014314694
11.5 8188.391722745702 0.09129685832964185
11.75 8148.877888378222 0.09050144143405044
12 8106.602202402604 0.08978375846097039
12.25 8061.874707064487 0.08913630001372186
12.5 8014.97968065252 0.08855215386095532
12.75 7966.175381738242 0.08802513522917675
13 7915.696581854189 0.08754966796273445
13.25 7863.758659380848 0.08712076077650671
13.5 7810.56098539208 0.08673385380951976
13.75 7756.282962205039 0.08638484673879518
14 7701.085348344875 0.08607003357058227
14.25 7645.114628249789 0.0857860797476946
14.5 7588.502410899226 0.08552999571889967
14.75 7531.367809953987 0.08529904400071578
15 7473.820356250075 0.08509078153347512
15.25 7415.958803816377 0.08490296730698239
15.5 7357.861217866951 0.08473362915545322
15.75 7299.608207660512 0.08458096825303629
16 7241.275174971825 0.08444334100675424
16.25 7182.919310805657 0.08431930059825964
16.5 7124.595594376046 0.08420751297836039
16.75 7066.354007684343 0.08410677644424597
17 7008.234854501158 0.08401603019428984
17.25 6950.278479421392 0.08393428418845086
17.5 6892.525083672462 0.08386066893896657
17.75 6835.001204456935 0.0837943857410558
18 6777.731847208872 0.08373472914036735
18.25 6720.743279792041 0.08368105245888094
18.5 6664.052611544976 0.08363277349257491
18.75 6607.680598529441 0.0835893748794647
19 6551.646746133984 0.08355036810074706
19.25 6495.963280491102 0.08351533240961261
19.5 6440.641846863926 0.08348388164394979
19.75 6385.692174480083 0.08345566275298
20 6331.118841857796 0.08343036601692889
20.25 6276.929879747038 0.08340770815836493
20.5 6223.136653041022 0.08338743672462505
20.75 6169.745382206425 0.08336930678582569
21 6116.755330330509 0.08335312398156126
21.25 6064.169435869115 0.08333868627516704
21.5 6011.992971630753 0.08332583875550528
21.75 5960.230588253214 0.08331432640561391
22 5908.880066818226 0.08330428890134475
22.25 5857.944265156856 0.08329532141290345
22.5 5807.421000673153 0.08328733332372627
22.75 5757.30979043797 0.08328030458366163
23 5707.610646827964 0.08327421286915146
23.25 5658.323676570953 0.0832688656771161
23.5 5609.448904248487 0.08326421867024883
23.75 5560.985857491022 0.08326025762069249
24 5512.930250730631 0.08325685344635551
24.25 5465.281056896854 0.08325397521168745
24.5 5418.037829911383 0.08325161359354318
24.75 5371.196364328315 0.08324967789180522
25 5324.755800569762 0.0832481260997979
25.25 5278.711003855082 0.0832469234863774
25.5 5233.06061796557 0.08324603284439598
25.75 5187.804110540953 0.08324543682518189
26 5142.938775212384 0.08324510105414119
26.25 5098.462880771292 0.08324500752622732
26.5 5054.373919248864 0.08324513181097851
26.75 5010.66661604684 0.08324545099121834
27 4967.337631577165 0.08324595071026744
27.25 4924.385444941066 0.08324661625762922
27.5 4881.808391865437 0.08324743153605624
27.75 4839.605181800884 0.08324839194371653
28 4797.76716384815 0.08324946666749247
28.25 4756.297293311884 0.0832506671644672
28.5 4715.189429311558 0.08325197565253915
28.75 4674.438355168802 0.08325337644989618
29 4634.041666637714 0.08325486411296003
29.25 4593.997049026049 0.08325643352912152
29.5 4554.302524981771 0.08325807915083454
29.75 4514.957392943244 0.08325979776698744
30 4475.959699252606 0.0832615846596183
30.25 4437.303722700778 0.08326343357556287
30.5 4398.984625614766 0.08326533863345095
30.75 4360.999356132079 0.08326729619498788
31 4323.345443371571 0.08326930348354765
31.25 4286.020466992272 0.08327135770994219
31.5 4249.023681936374 0.08327345831217389
31.75 4212.353541713128 0.08327560375561324
32 4176.006651055372 0.08327779152434035
32.25 4139.979656416635 0.0832800191234386
32.5 4104.268900230905 0.08328228406614943
32.75 4068.87006866109 0.08328458370238921
33 4033.779340689937 0.08328691550472152
33.25 3998.994488883887 0.08328927878308177
33.5 3964.514575714742 0.08329167433603732
33.75 3930.337598063682 0.08329410173253746
34 3896.46154705751 0.08329656077939752
34.25 3862.884410484545 0.08329905142930802
34.5 3829.604172043257 0.08330157349265152
34.75 3796.616760728453 0.08330412490635147
35 3763.917178133913 0.08330670276173585
35.25 3731.501458261203 0.08330930509600858
35.5 3699.368913127924 0.08331193346487309
35.75 3667.519899143633 0.08331459054504407
36 3635.953352623198 0.08331727749188536
36.25 3604.665894588339 0.08331999316397842
36.5 3573.653666662968 0.08332273594433975
36.75 3542.91365933753 0.08332550505422642
37 3512.442864440794 0.08332829955815151
37.25 3482.238273951148 0.083331118503105
37.5 3452.296935359101 0.08333396106169952
37.75 3422.617507940828 0.08333682858349425
38 3393.198709762838 0.08333972249745304
38.25 3364.038783269318 0.08334264358487663
38.5 3335.135499267225 0.08334559190486564
38.75 3306.486677172261 0.08334856759095342
39 3278.090098504435 0.08335157073498559
39.25 3249.942141928606 0.08335459944798104
39.5 3222.039487334683 0.08335765226628743
39.75 3194.379445326609 0.08336072860838137
40 3166.96215356731 0.08336383182616476
40.25 3139.786878989648 0.08336696406005022
40.5 3112.851985136173 0.08337012615997592
40.75 3086.153063720451 0.0833733149568735
41 3059.686785983084 0.08337652884693213
41.25 3033.450823555424 0.0833797676416816
41.5 3007.445492362339 0.08338303486571148
41.75 2981.669880268635 0.08338633231919594
42 2956.122429060062 0.08338966084338147
42.25 2930.800367286988 0.0833930194496864
42.5 2905.701576518522 0.08339640813442624
42.75 2880.823299140362 0.08339982550551935
43 2856.162776474147 0.08340327006915553
43.25 2831.718034617766 0.08340674214394422
43.5 2807.483042423733 0.08341023475158402
43.75 2783.464308228437 0.08341376393981005
44 2759.659816897698 0.08341732919210013
44.25 2736.063091327138 0.0834209215382688
44.5 2712.673456954629 0.08342454398527535
44.75 2689.488468492066 0.08342819747199386
45 2666.507716273008 0.08343188174532339
45.25 2643.728965425571 0.0834355962687412
45.5 2621.149695861877 0.08343934043519827
45.75 2598.767296771707 0.08344311314672206
46 2576.579772058618 0.08344691367222848
46.25 2554.587063820259 0.08345074681138927
46.5 2532.78897074971 0.08345461505292534
46.75 2511.182230441553 0.08345851665996203
47 2489.765555911918 0.08346245095919601
47.25 2468.536400511453 0.08346641737924869
47.5 2447.496337730589 0.0834704161698598
47.75 2426.634427859155 0.08347444524006978
48 2405.956561480159 0.08347850571577417
48.25 2385.460796043293 0.08348259809471009
48.5 2365.14517706665 0.08348672395739466
48.75 2345.007760981008 0.08349088389403042
49 2325.046604397669 0.08349507847843725
49.25 2305.259971642381 0.08349930826211142
49.5 2285.646965527516 0.08350357370643477
49.75 2266.206203903318 0.08350787532490932
50 2246.936228947726 0.08351221363916979
50.25 2227.835583301329 0.08351658913382125
50.5 2208.902816019976 0.08352100178000618
50.75 2190.136474342261 0.08352545169431586
51 2171.535104017389 0.08352993911254904
51.25 2153.09725080067 0.08353446426994528
51.5 2134.821461911346 0.08353902726771358
51.75 2116.706284945385 0.08354362817257191
52 2098.750266688201 0.0835482671254483
52.25 2080.951953925213 0.08355294426727072
52.5 2063.309987648778 0.08355765993472537
52.75 2045.823160182589 0.08356241477895884
53 2028.490126845768 0.08356720916642775
53.25 2011.309538288707 0.0835720434538873
53.5 1994.280045161802 0.08357691799809271
53.75 1977.400253680193 0.0835818328682613
54 1960.668693193495 0.0835867876362182
54.25 1944.083960650086 0.08359178231121607
54.5 1927.644655673328 0.08359681691981725
54.75 1911.349377886581 0.08360189148858407
55 1895.19672829825 0.0836070058687783
55.25 1879.185310492428 0.08361215958566508
55.5 1863.313725850599 0.08361735244328664
55.75 1847.580575654026 0.08362258425837013
56 1831.984461183968 0.08362785484764272
56.25 1816.524255977694 0.08363316499327557
56.5 1801.199377073105 0.08363851740474131
56.75 1786.008789193831 0.08364391318756605
57 1770.951433593956 0.08364935336405074
57.25 1756.026251527564 0.08365483895649642
57.5 1741.232186308763 0.08366037082593374
57.75 1726.568185660685 0.08366594948822982
58 1712.03319373315 0.08367157573899091
58.25 1697.626154466047 0.08367725039025802
58.5 1683.346011799263 0.08368297425407213
58.75 1669.191713119116 0.08368874777234421
59 1655.162213711851 0.08369457053857081
59.25 1641.256462625356 0.08370044281621807
59.5 1627.473408495065 0.08370636491304775
59.75 1613.811999956414 0.08371233713682162
60 1600.270968746221 0.0837183586080157
60.25 1586.848483513887 0.0837244253648103
60.5 1573.543090907941 0.08373053551452288
60.75 1560.353367025384 0.08373668732566948
61 1547.278052632346 0.08374288002239796
61.25 1534.316483712966 0.08374911628311187
61.5 1521.467645830289 0.0837553967526001
61.75 1508.730478097549 0.08376172180608728
62 1496.104093735406 0.0837680928487117
62.25 1483.588482472273 0.08377451647049876
62.5 1471.183187686447 0.08378099662113786
62.75 1458.887657294623 0.08378753668562559
63 1446.701215485751 0.08379413905771323
63.25 1434.622305291299 0.0838007990717551
63.5 1422.649745804914 0.08380751507492931
63.75 1410.782484896024 0.08381428644610167
64 1399.019470842303 0.08382111248509326
64.25 1387.359656176346 0.08382799166788174
64.5 1375.801992001031 0.08383492274726798
64.75 1364.345428603931 0.08384190463391376
65 1352.988915779944 0.08384893629531383
65.25 1341.731395334806 0.08385601762055774
65.5 1330.571810919079 0.08386314828592437
65.75 1319.509108166086 0.08387032773896966
66 1308.542261794378 0.08387755564845327
66.25 1297.671093685531 0.08388483812611765
66.5 1286.895411453995 0.0838921811751986
66.75 1276.214770820283 0.08389958888318694
67 1265.628441341704 0.08390706234973352
67.25 1255.135360163013 0.08391459920375816
67.5 1244.73472778572 0.08392219982389766
67.75 1234.42574818463 0.0839298644382743
68 1224.20763031677 0.0839375924495005
68.25 1214.079580903521 0.08394538363061554
68.5 1204.040806106133 0.08395323784455867
68.75 1194.090509287521 0.08396115534687218
69 1184.22789397206 0.08396913637044616
69.25 1174.452164456552 0.08397718103979972
69.5 1164.76251675205 0.08398528918775446
69.75 1155.158140349796 0.08399346041760394
70 1145.63823300015 0.08400169462340158
70.25 1136.201992492897 0.08400999170058883
70.5 1126.848616617825 0.08401835154460711
70.75 1117.577204188698 0.08402677286637023
71 1108.386581854389 0.08403525111957007
71.25 1099.275781410539 0.08404378421305926
71.5 1090.243853013662 0.0840523702754301
71.75 1081.289846820272 0.08406100743527485
72 1072.412897490397 0.08406969476894648